Log file open, 10/09/20 21:05:09
LogWindows: Failed to load 'aqProf.dll' (GetLastError=126)
LogWindows: File 'aqProf.dll' does not exist
LogWindows: Failed to load 'VtuneApi.dll' (GetLastError=126)
LogWindows: File 'VtuneApi.dll' does not exist
LogWindows: Failed to load 'VtuneApi32e.dll' (GetLastError=126)
LogWindows: File 'VtuneApi32e.dll' does not exist
LogConsoleResponse: Display: Failed to find resolution value strings in scalability ini. Falling back to default.
LogInit: Display: Running engine for game: Homework3
LogPakFile: Registered encryption key '00000000000000000000000000000000': 0 pak files mounted, 0 remain pending
LogPlatformFile: Not using cached read wrapper
LogTaskGraph: Started task graph with 5 named threads and 23 total threads with 3 sets of task threads.
LogStats: Stats thread started at 0.291513
LogD3D11RHI: Loaded GFSDK_Aftermath_Lib.x64.dll
LogICUInternationalization: ICU TimeZone Detection - Raw Offset: -5:00, Platform Override: ''
LogPluginManager: Mounting plugin Paper2D
LogPluginManager: Mounting plugin AISupport
LogPluginManager: Mounting plugin LightPropagationVolume
LogPluginManager: Mounting plugin ActorLayerUtilities
LogPluginManager: Mounting plugin AnimationSharing
LogPluginManager: Mounting plugin CLionSourceCodeAccess
LogPluginManager: Mounting plugin CodeLiteSourceCodeAccess
LogPluginManager: Mounting plugin GitSourceControl
LogPluginManager: Mounting plugin KDevelopSourceCodeAccess
LogPluginManager: Mounting plugin NullSourceCodeAccess
LogPluginManager: Mounting plugin PerforceSourceControl
LogPluginManager: Mounting plugin SubversionSourceControl
LogPluginManager: Mounting plugin UObjectPlugin
LogPluginManager: Mounting plugin VisualStudioCodeSourceCodeAccess
LogPluginManager: Mounting plugin VisualStudioSourceCodeAccess
LogPluginManager: Mounting plugin XCodeSourceCodeAccess
LogPluginManager: Mounting plugin AssetManagerEditor
LogPluginManager: Mounting plugin CryptoKeys
LogPluginManager: Mounting plugin DataValidation
LogPluginManager: Mounting plugin FacialAnimation
LogPluginManager: Mounting plugin GameplayTagsEditor
LogPluginManager: Mounting plugin MacGraphicsSwitching
LogPluginManager: Mounting plugin MaterialAnalyzer
LogPluginManager: Mounting plugin MobileLauncherProfileWizard
LogPluginManager: Mounting plugin PluginBrowser
LogPluginManager: Mounting plugin SpeedTreeImporter
LogPluginManager: Mounting plugin DatasmithContent
LogPluginManager: Mounting plugin VariantManagerContent
LogPluginManager: Mounting plugin AlembicImporter
LogPluginManager: Mounting plugin AppleImageUtils
LogPluginManager: Mounting plugin AppleVision
LogPluginManager: Mounting plugin BackChannel
LogPluginManager: Mounting plugin CharacterAI
LogPluginManager: Mounting plugin GeometryCache
LogPluginManager: Mounting plugin HTML5Networking
LogPluginManager: Mounting plugin ProxyLODPlugin
LogPluginManager: Mounting plugin SkeletalReduction
LogPluginManager: Mounting plugin MagicLeap
LogPluginManager: Mounting plugin MagicLeapMedia
LogPluginManager: Mounting plugin AndroidMedia
LogPluginManager: Mounting plugin AvfMedia
LogPluginManager: Mounting plugin ImgMedia
LogPluginManager: Mounting plugin LinearTimecode
LogPluginManager: Mounting plugin MediaCompositing
LogPluginManager: Mounting plugin MediaPlayerEditor
LogPluginManager: Mounting plugin WebMMedia
LogPluginManager: Mounting plugin WmfMedia
LogPluginManager: Mounting plugin TcpMessaging
LogPluginManager: Mounting plugin UdpMessaging
LogPluginManager: Mounting plugin ActorSequence
LogPluginManager: Mounting plugin LevelSequenceEditor
LogPluginManager: Mounting plugin MatineeToLevelSequence
LogPluginManager: Mounting plugin NetcodeUnitTest
LogPluginManager: Mounting plugin NUTUnrealEngine4
LogPluginManager: Mounting plugin OnlineSubsystemGooglePlay
LogPluginManager: Mounting plugin OnlineSubsystemIOS
LogPluginManager: Mounting plugin OnlineSubsystem
LogPluginManager: Mounting plugin OnlineSubsystemNull
LogPluginManager: Mounting plugin OnlineSubsystemUtils
LogPluginManager: Mounting plugin LauncherChunkInstaller
LogPluginManager: Mounting plugin AndroidDeviceProfileSelector
LogPluginManager: Mounting plugin AndroidMoviePlayer
LogPluginManager: Mounting plugin AndroidPermission
LogPluginManager: Mounting plugin AppleMoviePlayer
LogPluginManager: Mounting plugin ArchVisCharacter
LogPluginManager: Mounting plugin AudioCapture
LogPluginManager: Mounting plugin CableComponent
LogPluginManager: Mounting plugin CustomMeshComponent
LogPluginManager: Mounting plugin EditableMesh
LogPluginManager: Mounting plugin ExampleDeviceProfileSelector
LogPluginManager: Mounting plugin Firebase
LogPluginManager: Mounting plugin GoogleCloudMessaging
LogPluginManager: Mounting plugin IOSDeviceProfileSelector
LogPluginManager: Mounting plugin LinuxDeviceProfileSelector
LogPluginManager: Mounting plugin LocationServicesBPLibrary
LogPluginManager: Mounting plugin MobilePatchingUtils
LogPluginManager: Mounting plugin OculusVR
LogPluginManager: Mounting plugin PhysXVehicles
LogPluginManager: Mounting plugin ProceduralMeshComponent
LogPluginManager: Mounting plugin RuntimePhysXCooking
LogPluginManager: Mounting plugin SignificanceManager
LogPluginManager: Mounting plugin SteamVR
LogPluginManager: Mounting plugin WebMMoviePlayer
LogPluginManager: Mounting plugin WindowsMoviePlayer
LogInit: Using libcurl 7.55.1-DEV
LogInit:  - built for x86_64-pc-win32
LogInit:  - supports SSL with OpenSSL/1.1.1
LogInit:  - supports HTTP deflate (compression) using libz 1.2.8
LogInit:  - other features:
LogInit:      CURL_VERSION_SSL
LogInit:      CURL_VERSION_LIBZ
LogInit:      CURL_VERSION_IPV6
LogInit:      CURL_VERSION_ASYNCHDNS
LogInit:      CURL_VERSION_LARGEFILE
LogInit:      CURL_VERSION_IDN
LogInit:  CurlRequestOptions (configurable via config and command line):
LogInit:  - bVerifyPeer = true  - Libcurl will verify peer certificate
LogInit:  - bUseHttpProxy = false  - Libcurl will NOT use HTTP proxy
LogInit:  - bDontReuseConnections = false  - Libcurl will reuse connections
LogInit:  - MaxHostConnections = 16  - Libcurl will limit the number of connections to a host
LogInit:  - LocalHostAddr = Default
LogInit:  - BufferSize = 65536
LogInit: WinSock: version 1.1 (2.2), MaxSocks=32767, MaxUdp=65467
LogInit: Build: ++UE4+Release-4.22-CL-7053642
LogInit: Engine Version: 4.22.3-7053642+++UE4+Release-4.22
LogInit: Compatible Engine Version: 4.22.0-5660361+++UE4+Release-4.22
LogInit: Net CL: 5660361
LogInit: OS: Windows 10 (Release 1903) (), CPU: Intel(R) Core(TM) i7-7700HQ CPU @ 2.80GHz, GPU: Intel(R) HD Graphics 630
LogInit: Compiled (64-bit): Jun 18 2019 03:09:11
LogInit: Compiled with Visual C++: 19.16.27025.01
LogInit: Build Configuration: Development
LogInit: Branch Name: ++UE4+Release-4.22
LogInit: Command Line:  -EpicPortal -epicusername=sttauf -epicuserid=4ab0484f3ff14252b5efd846b6a632d0 -epiclocale=pt-BR
LogInit: Base Directory: C:/Program Files/Epic Games/UE_4.22/Engine/Binaries/Win64/
LogInit: Installed Engine Build: 1
LogDevObjectVersion: Number of dev versions registered: 23
LogDevObjectVersion:   Dev-Blueprints (B0D832E4-1F89-4F0D-ACCF-7EB736FD4AA2): 10
LogDevObjectVersion:   Dev-Build (E1C64328-A22C-4D53-A36C-8E866417BD8C): 0
LogDevObjectVersion:   Dev-Core (375EC13C-06E4-48FB-B500-84F0262A717E): 3
LogDevObjectVersion:   Dev-Editor (E4B068ED-F494-42E9-A231-DA0B2E46BB41): 30
LogDevObjectVersion:   Dev-Framework (CFFC743F-43B0-4480-9391-14DF171D2073): 35
LogDevObjectVersion:   Dev-Mobile (B02B49B5-BB20-44E9-A304-32B752E40360): 2
LogDevObjectVersion:   Dev-Networking (A4E4105C-59A1-49B5-A7C5-40C4547EDFEE): 0
LogDevObjectVersion:   Dev-Online (39C831C9-5AE6-47DC-9A44-9C173E1C8E7C): 0
LogDevObjectVersion:   Dev-Physics (78F01B33-EBEA-4F98-B9B4-84EACCB95AA2): 0
LogDevObjectVersion:   Dev-Platform (6631380F-2D4D-43E0-8009-CF276956A95A): 0
LogDevObjectVersion:   Dev-Rendering (12F88B9F-8875-4AFC-A67C-D90C383ABD29): 28
LogDevObjectVersion:   Dev-Sequencer (7B5AE74C-D270-4C10-A958-57980B212A5A): 11
LogDevObjectVersion:   Dev-VR (D7296918-1DD6-4BDD-9DE2-64A83CC13884): 2
LogDevObjectVersion:   Dev-LoadTimes (C2A15278-BFE7-4AFE-6C17-90FF531DF755): 1
LogDevObjectVersion:   Private-Geometry (6EACA3D4-40EC-4CC1-B786-8BED09428FC5): 3
LogDevObjectVersion:   Dev-AnimPhys (29E575DD-E0A3-4627-9D10-D276232CDCEA): 17
LogDevObjectVersion:   Dev-Anim (AF43A65D-7FD3-4947-9873-3E8ED9C1BB05): 2
LogDevObjectVersion:   Dev-ReflectionCapture (6B266CEC-1EC7-4B8F-A30B-E4D90942FC07): 1
LogDevObjectVersion:   Dev-Automation (0DF73D61-A23F-47EA-B727-89E90C41499A): 1
LogDevObjectVersion:   FortniteMain (601D1886-AC64-4F84-AA16-D3DE0DEAC7D6): 25
LogDevObjectVersion:   Dev-Enterprise (9DFFBCD6-494F-0158-E221-12823C92A888): 6
LogDevObjectVersion:   Dev-Niagara (F2AED0AC-9AFE-416F-8664-AA7FFA26D6FC): 1
LogDevObjectVersion:   Dev-Destruction (174F1F0B-B4C6-45A5-B13F-2EE8D0FB917D): 2
LogInit: Presizing for max 16777216 objects, including 0 objects not considered by GC, pre-allocating 0 bytes for permanent pool.
LogInit: Object subsystem initialized
LogConfig: Setting CVar [[con.DebugEarlyDefault:1]]
LogConfig: Setting CVar [[r.setres:1280x720]]
[2020.10.10-01.05.09:409][  0]LogConfig: Setting CVar [[r.VSync:0]]
[2020.10.10-01.05.09:409][  0]LogConfig: Setting CVar [[r.RHICmdBypass:0]]
[2020.10.10-01.05.09:409][  0]LogConfig: Applying CVar settings from Section [/Script/Engine.RendererSettings] File [C:/Users/sttau/OneDrive/Documentos/Unreal Projects/Homework3/Saved/Config/Windows/Engine.ini]
[2020.10.10-01.05.09:409][  0]LogConfig: Setting CVar [[r.GPUCrashDebugging:0]]
[2020.10.10-01.05.09:409][  0]LogConfig: Applying CVar settings from Section [/Script/Engine.RendererOverrideSettings] File [C:/Users/sttau/OneDrive/Documentos/Unreal Projects/Homework3/Saved/Config/Windows/Engine.ini]
[2020.10.10-01.05.09:409][  0]LogConfig: Applying CVar settings from Section [/Script/Engine.StreamingSettings] File [C:/Users/sttau/OneDrive/Documentos/Unreal Projects/Homework3/Saved/Config/Windows/Engine.ini]
[2020.10.10-01.05.09:409][  0]LogConfig: Setting CVar [[s.MinBulkDataSizeForAsyncLoading:131072]]
[2020.10.10-01.05.09:409][  0]LogConfig: Setting CVar [[s.AsyncLoadingThreadEnabled:0]]
[2020.10.10-01.05.09:409][  0]LogConfig: Setting CVar [[s.EventDrivenLoaderEnabled:1]]
[2020.10.10-01.05.09:409][  0]LogConfig: Setting CVar [[s.WarnIfTimeLimitExceeded:0]]
[2020.10.10-01.05.09:409][  0]LogConfig: Setting CVar [[s.TimeLimitExceededMultiplier:1.5]]
[2020.10.10-01.05.09:409][  0]LogConfig: Setting CVar [[s.TimeLimitExceededMinTime:0.005]]
[2020.10.10-01.05.09:409][  0]LogConfig: Setting CVar [[s.UseBackgroundLevelStreaming:1]]
[2020.10.10-01.05.09:409][  0]LogConfig: Setting CVar [[s.PriorityAsyncLoadingExtraTime:15.0]]
[2020.10.10-01.05.09:409][  0]LogConfig: Setting CVar [[s.LevelStreamingActorsUpdateTimeLimit:5.0]]
[2020.10.10-01.05.09:410][  0]LogConfig: Setting CVar [[s.PriorityLevelStreamingActorsUpdateExtraTime:5.0]]
[2020.10.10-01.05.09:410][  0]LogConfig: Setting CVar [[s.LevelStreamingComponentsRegistrationGranularity:10]]
[2020.10.10-01.05.09:410][  0]LogConfig: Setting CVar [[s.UnregisterComponentsTimeLimit:1.0]]
[2020.10.10-01.05.09:410][  0]LogConfig: Setting CVar [[s.LevelStreamingComponentsUnregistrationGranularity:5]]
[2020.10.10-01.05.09:410][  0]LogConfig: Applying CVar settings from Section [/Script/Engine.GarbageCollectionSettings] File [C:/Users/sttau/OneDrive/Documentos/Unreal Projects/Homework3/Saved/Config/Windows/Engine.ini]
[2020.10.10-01.05.09:410][  0]LogConfig: Setting CVar [[gc.MaxObjectsNotConsideredByGC:1]]
[2020.10.10-01.05.09:410][  0]LogConfig: Setting CVar [[gc.SizeOfPermanentObjectPool:0]]
[2020.10.10-01.05.09:410][  0]LogConfig: Setting CVar [[gc.FlushStreamingOnGC:0]]
[2020.10.10-01.05.09:410][  0]LogConfig: Setting CVar [[gc.NumRetriesBeforeForcingGC:10]]
[2020.10.10-01.05.09:410][  0]LogConfig: Setting CVar [[gc.AllowParallelGC:1]]
[2020.10.10-01.05.09:410][  0]LogConfig: Setting CVar [[gc.TimeBetweenPurgingPendingKillObjects:61.1]]
[2020.10.10-01.05.09:410][  0]LogConfig: Setting CVar [[gc.MaxObjectsInEditor:16777216]]
[2020.10.10-01.05.09:410][  0]LogConfig: Setting CVar [[gc.IncrementalBeginDestroyEnabled:1]]
[2020.10.10-01.05.09:410][  0]LogConfig: Setting CVar [[gc.CreateGCClusters:1]]
[2020.10.10-01.05.09:410][  0]LogConfig: Setting CVar [[gc.MinGCClusterSize:5]]
[2020.10.10-01.05.09:410][  0]LogConfig: Setting CVar [[gc.ActorClusteringEnabled:0]]
[2020.10.10-01.05.09:410][  0]LogConfig: Setting CVar [[gc.BlueprintClusteringEnabled:0]]
[2020.10.10-01.05.09:410][  0]LogConfig: Setting CVar [[gc.UseDisregardForGCOnDedicatedServers:0]]
[2020.10.10-01.05.09:410][  0]LogConfig: Applying CVar settings from Section [/Script/Engine.NetworkSettings] File [C:/Users/sttau/OneDrive/Documentos/Unreal Projects/Homework3/Saved/Config/Windows/Engine.ini]
[2020.10.10-01.05.09:410][  0]LogConfig: Applying CVar settings from Section [/Script/UnrealEd.CookerSettings] File [C:/Users/sttau/OneDrive/Documentos/Unreal Projects/Homework3/Saved/Config/Windows/Engine.ini]
[2020.10.10-01.05.09:413][  0]LogConfig: Applying CVar settings from Section [ViewDistanceQuality@3] File [C:/Users/sttau/OneDrive/Documentos/Unreal Projects/Homework3/Saved/Config/Windows/Scalability.ini]
[2020.10.10-01.05.09:413][  0]LogConfig: Setting CVar [[r.SkeletalMeshLODBias:0]]
[2020.10.10-01.05.09:413][  0]LogConfig: Setting CVar [[r.ViewDistanceScale:1.0]]
[2020.10.10-01.05.09:413][  0]LogConfig: Applying CVar settings from Section [AntiAliasingQuality@3] File [C:/Users/sttau/OneDrive/Documentos/Unreal Projects/Homework3/Saved/Config/Windows/Scalability.ini]
[2020.10.10-01.05.09:413][  0]LogConfig: Setting CVar [[r.PostProcessAAQuality:4]]
[2020.10.10-01.05.09:413][  0]LogConfig: Applying CVar settings from Section [ShadowQuality@3] File [C:/Users/sttau/OneDrive/Documentos/Unreal Projects/Homework3/Saved/Config/Windows/Scalability.ini]
[2020.10.10-01.05.09:413][  0]LogConfig: Setting CVar [[r.LightFunctionQuality:1]]
[2020.10.10-01.05.09:413][  0]LogConfig: Setting CVar [[r.ShadowQuality:5]]
[2020.10.10-01.05.09:413][  0]LogConfig: Setting CVar [[r.Shadow.CSM.MaxCascades:10]]
[2020.10.10-01.05.09:413][  0]LogConfig: Setting CVar [[r.Shadow.MaxResolution:2048]]
[2020.10.10-01.05.09:413][  0]LogConfig: Setting CVar [[r.Shadow.MaxCSMResolution:2048]]
[2020.10.10-01.05.09:413][  0]LogConfig: Setting CVar [[r.Shadow.RadiusThreshold:0.01]]
[2020.10.10-01.05.09:413][  0]LogConfig: Setting CVar [[r.Shadow.DistanceScale:1.0]]
[2020.10.10-01.05.09:413][  0]LogConfig: Setting CVar [[r.Shadow.CSM.TransitionScale:1.0]]
[2020.10.10-01.05.09:413][  0]LogConfig: Setting CVar [[r.Shadow.PreShadowResolutionFactor:1.0]]
[2020.10.10-01.05.09:413][  0]LogConfig: Setting CVar [[r.DistanceFieldShadowing:1]]
[2020.10.10-01.05.09:413][  0]LogConfig: Setting CVar [[r.DistanceFieldAO:1]]
[2020.10.10-01.05.09:413][  0]LogConfig: Setting CVar [[r.AOQuality:2]]
[2020.10.10-01.05.09:413][  0]LogConfig: Setting CVar [[r.VolumetricFog:1]]
[2020.10.10-01.05.09:413][  0]LogConfig: Setting CVar [[r.VolumetricFog.GridPixelSize:8]]
[2020.10.10-01.05.09:413][  0]LogConfig: Setting CVar [[r.VolumetricFog.GridSizeZ:128]]
[2020.10.10-01.05.09:413][  0]LogConfig: Setting CVar [[r.VolumetricFog.HistoryMissSupersampleCount:4]]
[2020.10.10-01.05.09:413][  0]LogConfig: Setting CVar [[r.LightMaxDrawDistanceScale:1]]
[2020.10.10-01.05.09:413][  0]LogConfig: Setting CVar [[r.CapsuleShadows:1]]
[2020.10.10-01.05.09:413][  0]LogConfig: Applying CVar settings from Section [PostProcessQuality@3] File [C:/Users/sttau/OneDrive/Documentos/Unreal Projects/Homework3/Saved/Config/Windows/Scalability.ini]
[2020.10.10-01.05.09:414][  0]LogConfig: Setting CVar [[r.MotionBlurQuality:4]]
[2020.10.10-01.05.09:414][  0]LogConfig: Setting CVar [[r.AmbientOcclusionMipLevelFactor:0.4]]
[2020.10.10-01.05.09:414][  0]LogConfig: Setting CVar [[r.AmbientOcclusionMaxQuality:100]]
[2020.10.10-01.05.09:414][  0]LogConfig: Setting CVar [[r.AmbientOcclusionLevels:-1]]
[2020.10.10-01.05.09:414][  0]LogConfig: Setting CVar [[r.AmbientOcclusionRadiusScale:1.0]]
[2020.10.10-01.05.09:414][  0]LogConfig: Setting CVar [[r.DepthOfFieldQuality:2]]
[2020.10.10-01.05.09:414][  0]LogConfig: Setting CVar [[r.RenderTargetPoolMin:400]]
[2020.10.10-01.05.09:414][  0]LogConfig: Setting CVar [[r.LensFlareQuality:2]]
[2020.10.10-01.05.09:414][  0]LogConfig: Setting CVar [[r.SceneColorFringeQuality:1]]
[2020.10.10-01.05.09:414][  0]LogConfig: Setting CVar [[r.EyeAdaptationQuality:2]]
[2020.10.10-01.05.09:414][  0]LogConfig: Setting CVar [[r.BloomQuality:5]]
[2020.10.10-01.05.09:414][  0]LogConfig: Setting CVar [[r.FastBlurThreshold:100]]
[2020.10.10-01.05.09:414][  0]LogConfig: Setting CVar [[r.Upscale.Quality:3]]
[2020.10.10-01.05.09:414][  0]LogConfig: Setting CVar [[r.Tonemapper.GrainQuantization:1]]
[2020.10.10-01.05.09:414][  0]LogConfig: Setting CVar [[r.LightShaftQuality:1]]
[2020.10.10-01.05.09:414][  0]LogConfig: Setting CVar [[r.Filter.SizeScale:1]]
[2020.10.10-01.05.09:414][  0]LogConfig: Setting CVar [[r.Tonemapper.Quality:5]]
[2020.10.10-01.05.09:414][  0]LogConfig: Setting CVar [[r.DOF.Gather.AccumulatorQuality:1        ; higher gathering accumulator quality]]
[2020.10.10-01.05.09:414][  0]LogConfig: Setting CVar [[r.DOF.Gather.PostfilterMethod:1          ; Median3x3 postfilering method]]
[2020.10.10-01.05.09:414][  0]LogConfig: Setting CVar [[r.DOF.Gather.EnableBokehSettings:0       ; no bokeh simulation when gathering]]
[2020.10.10-01.05.09:414][  0]LogConfig: Setting CVar [[r.DOF.Gather.RingCount:4                 ; medium number of samples when gathering]]
[2020.10.10-01.05.09:414][  0]LogConfig: Setting CVar [[r.DOF.Scatter.ForegroundCompositing:1    ; additive foreground scattering]]
[2020.10.10-01.05.09:414][  0]LogConfig: Setting CVar [[r.DOF.Scatter.BackgroundCompositing:2    ; additive background scattering]]
[2020.10.10-01.05.09:414][  0]LogConfig: Setting CVar [[r.DOF.Scatter.EnableBokehSettings:1      ; bokeh simulation when scattering]]
[2020.10.10-01.05.09:414][  0]LogConfig: Setting CVar [[r.DOF.Scatter.MaxSpriteRatio:0.1         ; only a maximum of 10% of scattered bokeh]]
[2020.10.10-01.05.09:414][  0]LogConfig: Setting CVar [[r.DOF.Recombine.Quality:1                ; cheap slight out of focus]]
[2020.10.10-01.05.09:414][  0]LogConfig: Setting CVar [[r.DOF.Recombine.EnableBokehSettings:0    ; no bokeh simulation on slight out of focus]]
[2020.10.10-01.05.09:414][  0]LogConfig: Setting CVar [[r.DOF.TemporalAAQuality:1                ; more stable temporal accumulation]]
[2020.10.10-01.05.09:414][  0]LogConfig: Setting CVar [[r.DOF.Kernel.MaxForegroundRadius:0.025]]
[2020.10.10-01.05.09:414][  0]LogConfig: Setting CVar [[r.DOF.Kernel.MaxBackgroundRadius:0.025]]
[2020.10.10-01.05.09:414][  0]LogConfig: Applying CVar settings from Section [TextureQuality@3] File [C:/Users/sttau/OneDrive/Documentos/Unreal Projects/Homework3/Saved/Config/Windows/Scalability.ini]
[2020.10.10-01.05.09:414][  0]LogConfig: Setting CVar [[r.Streaming.MipBias:0]]
[2020.10.10-01.05.09:414][  0]LogConfig: Setting CVar [[r.Streaming.AmortizeCPUToGPUCopy:0]]
[2020.10.10-01.05.09:414][  0]LogConfig: Setting CVar [[r.Streaming.MaxNumTexturesToStreamPerFrame:0]]
[2020.10.10-01.05.09:414][  0]LogConfig: Setting CVar [[r.Streaming.Boost:1]]
[2020.10.10-01.05.09:414][  0]LogConfig: Setting CVar [[r.MaxAnisotropy:8]]
[2020.10.10-01.05.09:414][  0]LogConfig: Setting CVar [[r.Streaming.LimitPoolSizeToVRAM:0]]
[2020.10.10-01.05.09:414][  0]LogConfig: Setting CVar [[r.Streaming.PoolSize:1000]]
[2020.10.10-01.05.09:414][  0]LogConfig: Setting CVar [[r.Streaming.MaxEffectiveScreenSize:0]]
[2020.10.10-01.05.09:414][  0]LogConfig: Applying CVar settings from Section [EffectsQuality@3] File [C:/Users/sttau/OneDrive/Documentos/Unreal Projects/Homework3/Saved/Config/Windows/Scalability.ini]
[2020.10.10-01.05.09:414][  0]LogConfig: Setting CVar [[r.TranslucencyLightingVolumeDim:64]]
[2020.10.10-01.05.09:414][  0]LogConfig: Setting CVar [[r.RefractionQuality:2]]
[2020.10.10-01.05.09:414][  0]LogConfig: Setting CVar [[r.SSR.Quality:3]]
[2020.10.10-01.05.09:414][  0]LogConfig: Setting CVar [[r.SceneColorFormat:4]]
[2020.10.10-01.05.09:414][  0]LogConfig: Setting CVar [[r.DetailMode:2]]
[2020.10.10-01.05.09:414][  0]LogConfig: Setting CVar [[r.TranslucencyVolumeBlur:1]]
[2020.10.10-01.05.09:414][  0]LogConfig: Setting CVar [[r.MaterialQualityLevel:1 ; High quality]]
[2020.10.10-01.05.09:414][  0]LogConfig: Setting CVar [[r.SSS.Scale:1]]
[2020.10.10-01.05.09:414][  0]LogConfig: Setting CVar [[r.SSS.SampleSet:2]]
[2020.10.10-01.05.09:414][  0]LogConfig: Setting CVar [[r.SSS.Quality:1]]
[2020.10.10-01.05.09:414][  0]LogConfig: Setting CVar [[r.SSS.HalfRes:1]]
[2020.10.10-01.05.09:414][  0]LogConfig: Setting CVar [[r.EmitterSpawnRateScale:1.0]]
[2020.10.10-01.05.09:414][  0]LogConfig: Setting CVar [[r.ParticleLightQuality:2]]
[2020.10.10-01.05.09:414][  0]LogConfig: Applying CVar settings from Section [FoliageQuality@3] File [C:/Users/sttau/OneDrive/Documentos/Unreal Projects/Homework3/Saved/Config/Windows/Scalability.ini]
[2020.10.10-01.05.09:414][  0]LogConfig: Setting CVar [[foliage.DensityScale:1.0]]
[2020.10.10-01.05.09:415][  0]LogConfig: Setting CVar [[grass.DensityScale:1.0]]
[2020.10.10-01.05.09:415][  0]LogInit: Selected Device Profile: [Windows]
[2020.10.10-01.05.09:415][  0]LogInit: Applying CVar settings loaded from the selected device profile: [Windows]
[2020.10.10-01.05.09:424][  0]LogHAL: Display: Platform has ~ 16 GB [17046736896 / 17179869184 / 16], which maps to Larger [LargestMinGB=32, LargerMinGB=12, DefaultMinGB=8, SmallerMinGB=6, SmallestMinGB=0)
[2020.10.10-01.05.09:425][  0]LogConfig: Setting CVar [[r.Vulkan.UseRealUBs:0		; Required until we fix HLR fall-out]]
[2020.10.10-01.05.09:425][  0]LogInit: Going up to parent DeviceProfile []
[2020.10.10-01.05.09:425][  0]LogConfig: Applying CVar settings from Section [ViewDistanceQuality@3] File [C:/Users/sttau/OneDrive/Documentos/Unreal Projects/Homework3/Saved/Config/Windows/Scalability.ini]
[2020.10.10-01.05.09:425][  0]LogConfig: Setting CVar [[r.SkeletalMeshLODBias:0]]
[2020.10.10-01.05.09:425][  0]LogConfig: Setting CVar [[r.ViewDistanceScale:1.0]]
[2020.10.10-01.05.09:425][  0]LogConfig: Applying CVar settings from Section [AntiAliasingQuality@3] File [C:/Users/sttau/OneDrive/Documentos/Unreal Projects/Homework3/Saved/Config/Windows/Scalability.ini]
[2020.10.10-01.05.09:425][  0]LogConfig: Setting CVar [[r.PostProcessAAQuality:4]]
[2020.10.10-01.05.09:425][  0]LogConfig: Applying CVar settings from Section [ShadowQuality@3] File [C:/Users/sttau/OneDrive/Documentos/Unreal Projects/Homework3/Saved/Config/Windows/Scalability.ini]
[2020.10.10-01.05.09:425][  0]LogConfig: Setting CVar [[r.LightFunctionQuality:1]]
[2020.10.10-01.05.09:425][  0]LogConfig: Setting CVar [[r.ShadowQuality:5]]
[2020.10.10-01.05.09:425][  0]LogConfig: Setting CVar [[r.Shadow.CSM.MaxCascades:10]]
[2020.10.10-01.05.09:425][  0]LogConfig: Setting CVar [[r.Shadow.MaxResolution:2048]]
[2020.10.10-01.05.09:425][  0]LogConfig: Setting CVar [[r.Shadow.MaxCSMResolution:2048]]
[2020.10.10-01.05.09:425][  0]LogConfig: Setting CVar [[r.Shadow.RadiusThreshold:0.01]]
[2020.10.10-01.05.09:425][  0]LogConfig: Setting CVar [[r.Shadow.DistanceScale:1.0]]
[2020.10.10-01.05.09:425][  0]LogConfig: Setting CVar [[r.Shadow.CSM.TransitionScale:1.0]]
[2020.10.10-01.05.09:425][  0]LogConfig: Setting CVar [[r.Shadow.PreShadowResolutionFactor:1.0]]
[2020.10.10-01.05.09:425][  0]LogConfig: Setting CVar [[r.DistanceFieldShadowing:1]]
[2020.10.10-01.05.09:425][  0]LogConfig: Setting CVar [[r.DistanceFieldAO:1]]
[2020.10.10-01.05.09:425][  0]LogConfig: Setting CVar [[r.AOQuality:2]]
[2020.10.10-01.05.09:425][  0]LogConfig: Setting CVar [[r.VolumetricFog:1]]
[2020.10.10-01.05.09:425][  0]LogConfig: Setting CVar [[r.VolumetricFog.GridPixelSize:8]]
[2020.10.10-01.05.09:425][  0]LogConfig: Setting CVar [[r.VolumetricFog.GridSizeZ:128]]
[2020.10.10-01.05.09:425][  0]LogConfig: Setting CVar [[r.VolumetricFog.HistoryMissSupersampleCount:4]]
[2020.10.10-01.05.09:425][  0]LogConfig: Setting CVar [[r.LightMaxDrawDistanceScale:1]]
[2020.10.10-01.05.09:425][  0]LogConfig: Setting CVar [[r.CapsuleShadows:1]]
[2020.10.10-01.05.09:425][  0]LogConfig: Applying CVar settings from Section [PostProcessQuality@3] File [C:/Users/sttau/OneDrive/Documentos/Unreal Projects/Homework3/Saved/Config/Windows/Scalability.ini]
[2020.10.10-01.05.09:425][  0]LogConfig: Setting CVar [[r.MotionBlurQuality:4]]
[2020.10.10-01.05.09:425][  0]LogConfig: Setting CVar [[r.AmbientOcclusionMipLevelFactor:0.4]]
[2020.10.10-01.05.09:425][  0]LogConfig: Setting CVar [[r.AmbientOcclusionMaxQuality:100]]
[2020.10.10-01.05.09:425][  0]LogConfig: Setting CVar [[r.AmbientOcclusionLevels:-1]]
[2020.10.10-01.05.09:425][  0]LogConfig: Setting CVar [[r.AmbientOcclusionRadiusScale:1.0]]
[2020.10.10-01.05.09:425][  0]LogConfig: Setting CVar [[r.DepthOfFieldQuality:2]]
[2020.10.10-01.05.09:425][  0]LogConfig: Setting CVar [[r.RenderTargetPoolMin:400]]
[2020.10.10-01.05.09:425][  0]LogConfig: Setting CVar [[r.LensFlareQuality:2]]
[2020.10.10-01.05.09:425][  0]LogConfig: Setting CVar [[r.SceneColorFringeQuality:1]]
[2020.10.10-01.05.09:425][  0]LogConfig: Setting CVar [[r.EyeAdaptationQuality:2]]
[2020.10.10-01.05.09:425][  0]LogConfig: Setting CVar [[r.BloomQuality:5]]
[2020.10.10-01.05.09:425][  0]LogConfig: Setting CVar [[r.FastBlurThreshold:100]]
[2020.10.10-01.05.09:425][  0]LogConfig: Setting CVar [[r.Upscale.Quality:3]]
[2020.10.10-01.05.09:425][  0]LogConfig: Setting CVar [[r.Tonemapper.GrainQuantization:1]]
[2020.10.10-01.05.09:425][  0]LogConfig: Setting CVar [[r.LightShaftQuality:1]]
[2020.10.10-01.05.09:425][  0]LogConfig: Setting CVar [[r.Filter.SizeScale:1]]
[2020.10.10-01.05.09:425][  0]LogConfig: Setting CVar [[r.Tonemapper.Quality:5]]
[2020.10.10-01.05.09:425][  0]LogConfig: Setting CVar [[r.DOF.Gather.AccumulatorQuality:1        ; higher gathering accumulator quality]]
[2020.10.10-01.05.09:425][  0]LogConfig: Setting CVar [[r.DOF.Gather.PostfilterMethod:1          ; Median3x3 postfilering method]]
[2020.10.10-01.05.09:425][  0]LogConfig: Setting CVar [[r.DOF.Gather.EnableBokehSettings:0       ; no bokeh simulation when gathering]]
[2020.10.10-01.05.09:425][  0]LogConfig: Setting CVar [[r.DOF.Gather.RingCount:4                 ; medium number of samples when gathering]]
[2020.10.10-01.05.09:425][  0]LogConfig: Setting CVar [[r.DOF.Scatter.ForegroundCompositing:1    ; additive foreground scattering]]
[2020.10.10-01.05.09:425][  0]LogConfig: Setting CVar [[r.DOF.Scatter.BackgroundCompositing:2    ; additive background scattering]]
[2020.10.10-01.05.09:425][  0]LogConfig: Setting CVar [[r.DOF.Scatter.EnableBokehSettings:1      ; bokeh simulation when scattering]]
[2020.10.10-01.05.09:425][  0]LogConfig: Setting CVar [[r.DOF.Scatter.MaxSpriteRatio:0.1         ; only a maximum of 10% of scattered bokeh]]
[2020.10.10-01.05.09:425][  0]LogConfig: Setting CVar [[r.DOF.Recombine.Quality:1                ; cheap slight out of focus]]
[2020.10.10-01.05.09:425][  0]LogConfig: Setting CVar [[r.DOF.Recombine.EnableBokehSettings:0    ; no bokeh simulation on slight out of focus]]
[2020.10.10-01.05.09:425][  0]LogConfig: Setting CVar [[r.DOF.TemporalAAQuality:1                ; more stable temporal accumulation]]
[2020.10.10-01.05.09:425][  0]LogConfig: Setting CVar [[r.DOF.Kernel.MaxForegroundRadius:0.025]]
[2020.10.10-01.05.09:425][  0]LogConfig: Setting CVar [[r.DOF.Kernel.MaxBackgroundRadius:0.025]]
[2020.10.10-01.05.09:425][  0]LogConfig: Applying CVar settings from Section [TextureQuality@3] File [C:/Users/sttau/OneDrive/Documentos/Unreal Projects/Homework3/Saved/Config/Windows/Scalability.ini]
[2020.10.10-01.05.09:425][  0]LogConfig: Setting CVar [[r.Streaming.MipBias:0]]
[2020.10.10-01.05.09:425][  0]LogConfig: Setting CVar [[r.Streaming.AmortizeCPUToGPUCopy:0]]
[2020.10.10-01.05.09:426][  0]LogConfig: Setting CVar [[r.Streaming.MaxNumTexturesToStreamPerFrame:0]]
[2020.10.10-01.05.09:426][  0]LogConfig: Setting CVar [[r.Streaming.Boost:1]]
[2020.10.10-01.05.09:426][  0]LogConfig: Setting CVar [[r.MaxAnisotropy:8]]
[2020.10.10-01.05.09:426][  0]LogConfig: Setting CVar [[r.Streaming.LimitPoolSizeToVRAM:0]]
[2020.10.10-01.05.09:426][  0]LogConfig: Setting CVar [[r.Streaming.PoolSize:1000]]
[2020.10.10-01.05.09:426][  0]LogConfig: Setting CVar [[r.Streaming.MaxEffectiveScreenSize:0]]
[2020.10.10-01.05.09:426][  0]LogConfig: Applying CVar settings from Section [EffectsQuality@3] File [C:/Users/sttau/OneDrive/Documentos/Unreal Projects/Homework3/Saved/Config/Windows/Scalability.ini]
[2020.10.10-01.05.09:426][  0]LogConfig: Setting CVar [[r.TranslucencyLightingVolumeDim:64]]
[2020.10.10-01.05.09:426][  0]LogConfig: Setting CVar [[r.RefractionQuality:2]]
[2020.10.10-01.05.09:426][  0]LogConfig: Setting CVar [[r.SSR.Quality:3]]
[2020.10.10-01.05.09:426][  0]LogConfig: Setting CVar [[r.SceneColorFormat:4]]
[2020.10.10-01.05.09:426][  0]LogConfig: Setting CVar [[r.DetailMode:2]]
[2020.10.10-01.05.09:426][  0]LogConfig: Setting CVar [[r.TranslucencyVolumeBlur:1]]
[2020.10.10-01.05.09:426][  0]LogConfig: Setting CVar [[r.MaterialQualityLevel:1 ; High quality]]
[2020.10.10-01.05.09:426][  0]LogConfig: Setting CVar [[r.SSS.Scale:1]]
[2020.10.10-01.05.09:426][  0]LogConfig: Setting CVar [[r.SSS.SampleSet:2]]
[2020.10.10-01.05.09:426][  0]LogConfig: Setting CVar [[r.SSS.Quality:1]]
[2020.10.10-01.05.09:426][  0]LogConfig: Setting CVar [[r.SSS.HalfRes:1]]
[2020.10.10-01.05.09:426][  0]LogConfig: Setting CVar [[r.EmitterSpawnRateScale:1.0]]
[2020.10.10-01.05.09:426][  0]LogConfig: Setting CVar [[r.ParticleLightQuality:2]]
[2020.10.10-01.05.09:426][  0]LogConfig: Applying CVar settings from Section [FoliageQuality@3] File [C:/Users/sttau/OneDrive/Documentos/Unreal Projects/Homework3/Saved/Config/Windows/Scalability.ini]
[2020.10.10-01.05.09:426][  0]LogConfig: Setting CVar [[foliage.DensityScale:1.0]]
[2020.10.10-01.05.09:426][  0]LogConfig: Setting CVar [[grass.DensityScale:1.0]]
[2020.10.10-01.05.09:426][  0]LogConfig: Applying CVar settings from Section [Startup] File [../../../Engine/Config/ConsoleVariables.ini]
[2020.10.10-01.05.09:426][  0]LogConfig: Setting CVar [[net.UseAdaptiveNetUpdateFrequency:0]]
[2020.10.10-01.05.09:426][  0]LogConfig: Setting CVar [[p.chaos.AllowCreatePhysxBodies:1]]
[2020.10.10-01.05.09:426][  0]LogConfig: Applying CVar settings from Section [ConsoleVariables] File [C:/Users/sttau/OneDrive/Documentos/Unreal Projects/Homework3/Saved/Config/Windows/Engine.ini]
[2020.10.10-01.05.09:426][  0]LogInit: Computer: DESKTOP-R3QVGPA
[2020.10.10-01.05.09:426][  0]LogInit: User: sttau
[2020.10.10-01.05.09:426][  0]LogInit: CPU Page size=4096, Cores=4
[2020.10.10-01.05.09:426][  0]LogInit: High frequency timer resolution =10.000000 MHz
[2020.10.10-01.05.09:427][  0]LogMemory: Memory total: Physical=15.9GB (16GB approx)
[2020.10.10-01.05.09:427][  0]LogMemory: Platform Memory Stats for Windows
[2020.10.10-01.05.09:427][  0]LogMemory: Process Physical Memory: 97.16 MB used, 97.16 MB peak
[2020.10.10-01.05.09:427][  0]LogMemory: Process Virtual Memory: 89.40 MB used, 89.40 MB peak
[2020.10.10-01.05.09:427][  0]LogMemory: Physical Memory: 8644.34 MB used,  7612.70 MB free, 16257.04 MB total
[2020.10.10-01.05.09:427][  0]LogMemory: Virtual Memory: 4643.32 MB used,  134213088.00 MB free, 134217728.00 MB total
[2020.10.10-01.05.09:462][  0]LogInit: Using OS detected language (en-US).
[2020.10.10-01.05.09:462][  0]LogInit: Using OS detected locale (en-CA).
[2020.10.10-01.05.09:463][  0]LogTextLocalizationManager: No specific localization for 'en-US' exists, so the 'en' localization will be used.
[2020.10.10-01.05.09:687][  0]LogInit: Setting process to per monitor DPI aware
[2020.10.10-01.05.09:730][  0]LogSlate: New Slate User Created.  User Index 0, Is Virtual User: 0
[2020.10.10-01.05.09:730][  0]LogSlate: Slate User Registered.  User Index 0, Is Virtual User: 0
[2020.10.10-01.05.09:999][  0]LogHMD: Failed to initialize OpenVR with code 110
[2020.10.10-01.05.09:999][  0]LogD3D11RHI: D3D11 adapters:
[2020.10.10-01.05.10:090][  0]LogD3D11RHI:    0. 'NVIDIA GeForce GTX 1060' (Feature Level 11_0)
[2020.10.10-01.05.10:090][  0]LogD3D11RHI:       6052/0/8128 MB DedicatedVideo/DedicatedSystem/SharedSystem, Outputs:1, VendorId:0x10de
[2020.10.10-01.05.10:115][  0]LogD3D11RHI:    1. 'Intel(R) HD Graphics 630' (Feature Level 11_0)
[2020.10.10-01.05.10:115][  0]LogD3D11RHI:       128/0/8128 MB DedicatedVideo/DedicatedSystem/SharedSystem, Outputs:0, VendorId:0x8086
[2020.10.10-01.05.10:117][  0]LogD3D11RHI:    2. 'Microsoft Basic Render Driver' (Feature Level 11_0)
[2020.10.10-01.05.10:118][  0]LogD3D11RHI:       0/0/8128 MB DedicatedVideo/DedicatedSystem/SharedSystem, Outputs:0, VendorId:0x1414
[2020.10.10-01.05.10:118][  0]LogD3D11RHI: Chosen D3D11 Adapter: 0
[2020.10.10-01.05.10:158][  0]LogD3D11RHI: Creating new Direct3DDevice
[2020.10.10-01.05.10:159][  0]LogD3D11RHI:     GPU DeviceId: 0x1c20 (for the marketing name, search the web for "GPU Device Id")
[2020.10.10-01.05.10:159][  0]LogWindows: EnumDisplayDevices:
[2020.10.10-01.05.10:159][  0]LogWindows:    0. 'Intel(R) HD Graphics 630' (P:1 D:1)
[2020.10.10-01.05.10:159][  0]LogWindows:    1. 'Intel(R) HD Graphics 630' (P:0 D:0)
[2020.10.10-01.05.10:159][  0]LogWindows:    2. 'Intel(R) HD Graphics 630' (P:0 D:0)
[2020.10.10-01.05.10:160][  0]LogWindows:    3. 'NVIDIA GeForce GTX 1060' (P:0 D:0)
[2020.10.10-01.05.10:160][  0]LogWindows:    4. 'NVIDIA GeForce GTX 1060' (P:0 D:0)
[2020.10.10-01.05.10:160][  0]LogWindows:    5. 'NVIDIA GeForce GTX 1060' (P:0 D:0)
[2020.10.10-01.05.10:160][  0]LogWindows:    6. 'NVIDIA GeForce GTX 1060' (P:0 D:0)
[2020.10.10-01.05.10:161][  0]LogWindows: DebugString: PrimaryIsNotTheChoosenAdapter PrimaryIsNotTheChoosenAdapter PrimaryIsNotTheChoosenAdapter FoundDriverCount:4 
[2020.10.10-01.05.10:161][  0]LogD3D11RHI:     Adapter Name: NVIDIA GeForce GTX 1060
[2020.10.10-01.05.10:161][  0]LogD3D11RHI:   Driver Version: 431.53 (internal:26.21.14.3153, unified:431.53)
[2020.10.10-01.05.10:161][  0]LogD3D11RHI:      Driver Date: 7-12-2019
[2020.10.10-01.05.10:161][  0]LogRHI: Texture pool is 4236 MB (70% of 6052 MB)
[2020.10.10-01.05.10:211][  0]LogD3D11RHI: Async texture creation enabled
[2020.10.10-01.05.10:221][  0]LogRendererCore: FGlobalReadBuffer::InitRHI
[2020.10.10-01.05.10:221][  0]LogRendererCore: FGlobalReadBuffer::InitRHI
[2020.10.10-01.05.10:221][  0]LogRendererCore: FGlobalReadBuffer::InitRHI
[2020.10.10-01.05.10:229][  0]LogD3D11RHI: GPU Timing Frequency: 1000.000000 (Debug: 2 1)
[2020.10.10-01.05.10:626][  0]LogTemp: Display: Module 'AllDesktopTargetPlatform' loaded TargetPlatform 'AllDesktop'
[2020.10.10-01.05.10:642][  0]LogTemp: Display: Module 'MacClientTargetPlatform' loaded TargetPlatform 'MacClient'
[2020.10.10-01.05.10:662][  0]LogTemp: Display: Module 'MacNoEditorTargetPlatform' loaded TargetPlatform 'MacNoEditor'
[2020.10.10-01.05.10:677][  0]LogTemp: Display: Module 'MacServerTargetPlatform' loaded TargetPlatform 'MacServer'
[2020.10.10-01.05.10:692][  0]LogTemp: Display: Module 'MacTargetPlatform' loaded TargetPlatform 'Mac'
[2020.10.10-01.05.10:708][  0]LogTemp: Display: Module 'WindowsClientTargetPlatform' loaded TargetPlatform 'WindowsClient'
[2020.10.10-01.05.10:726][  0]LogTemp: Display: Module 'WindowsNoEditorTargetPlatform' loaded TargetPlatform 'WindowsNoEditor'
[2020.10.10-01.05.10:743][  0]LogTemp: Display: Module 'WindowsServerTargetPlatform' loaded TargetPlatform 'WindowsServer'
[2020.10.10-01.05.10:752][  0]LogTemp: Display: Module 'WindowsTargetPlatform' loaded TargetPlatform 'Windows'
[2020.10.10-01.05.10:843][  0]LogTemp: Display: Module 'AndroidTargetPlatform' loaded TargetPlatform 'Android'
[2020.10.10-01.05.10:843][  0]LogTemp: Display: Module 'AndroidTargetPlatform' loaded TargetPlatform 'Android_ASTC'
[2020.10.10-01.05.10:843][  0]LogTemp: Display: Module 'AndroidTargetPlatform' loaded TargetPlatform 'Android_ATC'
[2020.10.10-01.05.10:843][  0]LogTemp: Display: Module 'AndroidTargetPlatform' loaded TargetPlatform 'Android_DXT'
[2020.10.10-01.05.10:843][  0]LogTemp: Display: Module 'AndroidTargetPlatform' loaded TargetPlatform 'Android_ETC1'
[2020.10.10-01.05.10:843][  0]LogTemp: Display: Module 'AndroidTargetPlatform' loaded TargetPlatform 'Android_ETC1a'
[2020.10.10-01.05.10:843][  0]LogTemp: Display: Module 'AndroidTargetPlatform' loaded TargetPlatform 'Android_ETC2'
[2020.10.10-01.05.10:843][  0]LogTemp: Display: Module 'AndroidTargetPlatform' loaded TargetPlatform 'Android_PVRTC'
[2020.10.10-01.05.10:843][  0]LogTemp: Display: Module 'AndroidTargetPlatform' loaded TargetPlatform 'AndroidClient'
[2020.10.10-01.05.10:843][  0]LogTemp: Display: Module 'AndroidTargetPlatform' loaded TargetPlatform 'Android_ASTCClient'
[2020.10.10-01.05.10:843][  0]LogTemp: Display: Module 'AndroidTargetPlatform' loaded TargetPlatform 'Android_ATCClient'
[2020.10.10-01.05.10:843][  0]LogTemp: Display: Module 'AndroidTargetPlatform' loaded TargetPlatform 'Android_DXTClient'
[2020.10.10-01.05.10:843][  0]LogTemp: Display: Module 'AndroidTargetPlatform' loaded TargetPlatform 'Android_ETC1Client'
[2020.10.10-01.05.10:843][  0]LogTemp: Display: Module 'AndroidTargetPlatform' loaded TargetPlatform 'Android_ETC1aClient'
[2020.10.10-01.05.10:843][  0]LogTemp: Display: Module 'AndroidTargetPlatform' loaded TargetPlatform 'Android_ETC2Client'
[2020.10.10-01.05.10:843][  0]LogTemp: Display: Module 'AndroidTargetPlatform' loaded TargetPlatform 'Android_PVRTCClient'
[2020.10.10-01.05.10:843][  0]LogTemp: Display: Module 'AndroidTargetPlatform' loaded TargetPlatform 'Android_Multi'
[2020.10.10-01.05.10:843][  0]LogTemp: Display: Module 'AndroidTargetPlatform' loaded TargetPlatform 'Android_MultiClient'
[2020.10.10-01.05.10:845][  0]LogTemp: Display: Module 'HTML5TargetPlatform' loaded TargetPlatform 'HTML5'
[2020.10.10-01.05.10:897][  0]LogTemp: Display: Module 'IOSTargetPlatform' loaded TargetPlatform 'IOSClient'
[2020.10.10-01.05.10:897][  0]LogTemp: Display: Module 'IOSTargetPlatform' loaded TargetPlatform 'IOS'
[2020.10.10-01.05.10:925][  0]LogTemp: Display: Module 'TVOSTargetPlatform' loaded TargetPlatform 'TVOSClient'
[2020.10.10-01.05.10:925][  0]LogTemp: Display: Module 'TVOSTargetPlatform' loaded TargetPlatform 'TVOS'
[2020.10.10-01.05.10:938][  0]LogTemp: Display: Module 'LinuxClientTargetPlatform' loaded TargetPlatform 'LinuxClient'
[2020.10.10-01.05.10:955][  0]LogTemp: Display: Module 'LinuxNoEditorTargetPlatform' loaded TargetPlatform 'LinuxNoEditor'
[2020.10.10-01.05.10:972][  0]LogTemp: Display: Module 'LinuxServerTargetPlatform' loaded TargetPlatform 'LinuxServer'
[2020.10.10-01.05.10:985][  0]LogTemp: Display: Module 'LinuxTargetPlatform' loaded TargetPlatform 'Linux'
[2020.10.10-01.05.11:035][  0]LogTemp: Display: Module 'LuminTargetPlatform' loaded TargetPlatform 'Lumin'
[2020.10.10-01.05.11:035][  0]LogTemp: Display: Module 'LuminTargetPlatform' loaded TargetPlatform 'LuminClient'
[2020.10.10-01.05.11:035][  0]LogTargetPlatformManager: Display: Building Assets For Windows
[2020.10.10-01.05.11:045][  0]LogAudioDebug: Display: Lib vorbis DLL was dynamically loaded.
[2020.10.10-01.05.11:124][  0]LogShaderCompilers: Guid format shader working directory is -30 characters bigger than the processId version (../../../../../../Users/sttau/OneDrive/Documentos/Unreal Projects/Homework3/Intermediate/Shaders/WorkingDirectory/14468/).
[2020.10.10-01.05.11:124][  0]LogShaderCompilers: Cleaned the shader compiler working directory 'C:/Users/sttau/AppData/Local/Temp/UnrealShaderWorkingDir/5A174ACD41E7E46A008CC8A054B284B9/'.
[2020.10.10-01.05.11:138][  0]LogShaderCompilers: Display: Using XGE Shader Compiler (Interception Interface).
[2020.10.10-01.05.11:725][  0]LogDerivedDataCache: Display: Max Cache Size: 512 MB
[2020.10.10-01.05.11:776][  0]LogDerivedDataCache: Loaded boot cache 0.05s 71MB C:/Users/sttau/AppData/Local/UnrealEngine/4.22/DerivedDataCache/Boot.ddc.
[2020.10.10-01.05.11:776][  0]LogDerivedDataCache: Display: Loaded Boot cache: C:/Users/sttau/AppData/Local/UnrealEngine/4.22/DerivedDataCache/Boot.ddc
[2020.10.10-01.05.11:776][  0]LogDerivedDataCache: FDerivedDataBackendGraph:  Pak pak cache file ../../../../../../Users/sttau/OneDrive/Documentos/Unreal Projects/Homework3/DerivedDataCache/DDC.ddp not found, will not use a pak cache.
[2020.10.10-01.05.11:776][  0]LogDerivedDataCache: Unable to find inner node Pak for hierarchical cache Hierarchy.
[2020.10.10-01.05.11:776][  0]LogDerivedDataCache: FDerivedDataBackendGraph:  CompressedPak pak cache file ../../../../../../Users/sttau/OneDrive/Documentos/Unreal Projects/Homework3/DerivedDataCache/Compressed.ddp not found, will not use a pak cache.
[2020.10.10-01.05.11:776][  0]LogDerivedDataCache: Unable to find inner node CompressedPak for hierarchical cache Hierarchy.
[2020.10.10-01.05.11:789][  0]LogDerivedDataCache: Display: Pak cache opened for reading ../../../Engine/DerivedDataCache/Compressed.ddp.
[2020.10.10-01.05.11:789][  0]LogDerivedDataCache: FDerivedDataBackendGraph:  EnterprisePak pak cache file ../../../Enterprise/DerivedDataCache/Compressed.ddp not found, will not use a pak cache.
[2020.10.10-01.05.11:789][  0]LogDerivedDataCache: Unable to find inner node EnterprisePak for hierarchical cache Hierarchy.
[2020.10.10-01.05.11:802][  0]LogDerivedDataCache: Using Local data cache path C:/Users/sttau/AppData/Local/UnrealEngine/Common/DerivedDataCache: Writable
[2020.10.10-01.05.11:802][  0]LogDerivedDataCache: Shared data cache path not found in *engine.ini, will not use an Shared cache.
[2020.10.10-01.05.11:802][  0]LogDerivedDataCache: Unable to find inner node Shared for hierarchical cache Hierarchy.
[2020.10.10-01.05.11:829][  0]LogMaterial: Verifying Global Shaders for PCD3D_SM5
[2020.10.10-01.05.11:830][  0]LogSlate: Using FreeType 2.6.0
[2020.10.10-01.05.11:831][  0]LogSlate: SlateFontServices - WITH_FREETYPE: 1, WITH_HARFBUZZ: 1
[2020.10.10-01.05.11:922][  0]LogAssetRegistry: FAssetRegistry took 0.0346 seconds to start up
[2020.10.10-01.05.12:293][  0]LogInit: Selected Device Profile: [Windows]
[2020.10.10-01.05.12:357][  0]LogMeshReduction: Using QuadricMeshReduction for automatic static mesh reduction
[2020.10.10-01.05.12:357][  0]LogMeshReduction: Using SimplygonMeshReduction for automatic skeletal mesh reduction
[2020.10.10-01.05.12:357][  0]LogMeshReduction: Using ProxyLODMeshReduction for automatic mesh merging
[2020.10.10-01.05.12:357][  0]LogMeshReduction: No distributed automatic mesh merging module available
[2020.10.10-01.05.12:357][  0]LogMeshMerging: No distributed automatic mesh merging module available
[2020.10.10-01.05.12:451][  0]LogNetVersion: Homework3 1.0.0, NetCL: 5660361, EngineNetVer: 10, GameNetVer: 0 (Checksum: 105737353)
[2020.10.10-01.05.12:873][  0]LogPackageLocalizationCache: Processed 10 localized package path(s) for 1 prioritized culture(s) in 0.035833 seconds
[2020.10.10-01.05.12:879][  0]LogUObjectArray: 42205 objects as part of root set at end of initial load.
[2020.10.10-01.05.12:879][  0]LogUObjectAllocator: 7325032 out of 0 bytes used by permanent object pool.
[2020.10.10-01.05.12:879][  0]LogUObjectArray: CloseDisregardForGC: 0/0 objects in disregard for GC pool
[2020.10.10-01.05.13:792][  0]LogTcpMessaging: Initializing TcpMessaging bridge
[2020.10.10-01.05.13:805][  0]LogUdpMessaging: Initializing bridge on interface 0.0.0.0:0 to multicast group 230.0.0.1:6666.
[2020.10.10-01.05.13:924][  0]SourceControl: Source control is disabled
[2020.10.10-01.05.13:924][  0]SourceControl: Source control is disabled
[2020.10.10-01.05.13:925][  0]SourceControl: Source control is disabled
[2020.10.10-01.05.13:927][  0]SourceControl: Source control is disabled
[2020.10.10-01.05.14:031][  0]LogAndroidPermission: UAndroidPermissionCallbackProxy::GetInstance
[2020.10.10-01.05.14:187][  0]LogOcInput: OculusInput pre-init called
[2020.10.10-01.05.15:040][  0]LogEngine: Initializing Engine...
[2020.10.10-01.05.15:041][  0]LogHMD: Failed to initialize OpenVR with code 110
[2020.10.10-01.05.15:043][  0]LogStats: UGameplayTagsManager::InitializeManager -  0.000 s
[2020.10.10-01.05.15:300][  0]LogInit: Initializing FReadOnlyCVARCache
[2020.10.10-01.05.15:317][  0]LogAIModule: Creating AISystem for world Untitled
[2020.10.10-01.05.15:423][  0]LogInit: XAudio2 using 'Speakers (4- ROCCAT Khan AIMO)' : 6 channels at 48 kHz using 24 bits per sample (channel mask 0x3f)
[2020.10.10-01.05.15:470][  0]LogInit: FAudioDevice initialized.
[2020.10.10-01.05.15:470][  0]LogNetVersion: Set ProjectVersion to 1.0.0.0. Version Checksum will be recalculated on next use.
[2020.10.10-01.05.15:622][  0]LogDerivedDataCache: Saved boot cache 0.15s 71MB C:/Users/sttau/AppData/Local/UnrealEngine/4.22/DerivedDataCache/Boot.ddc.
[2020.10.10-01.05.15:630][  0]LogInit: Texture streaming: Enabled
[2020.10.10-01.05.15:660][  0]LogEngineSessionManager: EngineSessionManager initialized
[2020.10.10-01.05.15:691][  0]LogInit: Transaction tracking system initialized
[2020.10.10-01.05.15:726][  0]BlueprintLog: New page: Editor Load
[2020.10.10-01.05.15:850][  0]LocalizationService: Localization service is disabled
[2020.10.10-01.05.15:972][  0]LogLinker: Warning: Can't find file '/Game/FirstPersonBP/FirstPersonOverview'
[2020.10.10-01.05.15:972][  0]LogLinker: Warning: Can't find file '/Game/FirstPersonBP/FirstPersonOverview'
[2020.10.10-01.05.15:972][  0]LogUObjectGlobals: Warning: Failed to find object 'Class /Game/FirstPersonBP/FirstPersonOverview.FirstPersonOverview_C'
[2020.10.10-01.05.16:213][  0]LogFileCache: Scanning file cache for directory 'C:/Users/sttau/OneDrive/Documentos/Unreal Projects/Homework3/Content/' took 0.01s
[2020.10.10-01.05.16:213][  0]LogCook: Display: Max memory allowance for cook 16384mb min free memory 0mb
[2020.10.10-01.05.16:213][  0]LogCook: Display: Mobile HDR setting 1
[2020.10.10-01.05.16:437][  0]SourceControl: Source control is disabled
[2020.10.10-01.05.16:437][  0]Cmd: MAP LOAD FILE="../../../../../../Users/sttau/OneDrive/Documentos/Unreal Projects/Homework3/Content/ThirdPersonBP/Maps/ThirdPersonExampleMap.umap" TEMPLATE=0 SHOWPROGRESS=1 FEATURELEVEL=3
[2020.10.10-01.05.16:437][  0]LightingResults: New page: Lighting Build
[2020.10.10-01.05.16:440][  0]MapCheck: New page: Map Check
[2020.10.10-01.05.16:440][  0]LightingResults: New page: Lighting Build
[2020.10.10-01.05.16:465][  0]LogUObjectHash: Compacting FUObjectHashTables data took   1.53ms
[2020.10.10-01.05.16:776][  0]LogAIModule: Creating AISystem for world ThirdPersonExampleMap
[2020.10.10-01.05.16:790][  0]LogEditorServer: Finished looking for orphan Actors (0.000 secs)
[2020.10.10-01.05.16:821][  0]LogUObjectHash: Compacting FUObjectHashTables data took   2.06ms
[2020.10.10-01.05.16:821][  0]Cmd: MAP CHECKDEP NOCLEARLOG
[2020.10.10-01.05.16:821][  0]MapCheck: Map check complete: 0 Error(s), 0 Warning(s), took 0.274ms to complete.
[2020.10.10-01.05.16:822][  0]LogFileHelpers: Loading map 'ThirdPersonExampleMap' took 0.385
[2020.10.10-01.05.16:917][  0]LogCollectionManager: Loaded 0 collections in 0.001809 seconds
[2020.10.10-01.05.16:959][  0]LogFileCache: Scanning file cache for directory 'C:/Users/sttau/OneDrive/Documentos/Unreal Projects/Homework3/Saved/Collections/' took 0.01s
[2020.10.10-01.05.16:959][  0]LogFileCache: Scanning file cache for directory 'C:/Users/sttau/OneDrive/Documentos/Unreal Projects/Homework3/Content/Developers/sttau/Collections/' took 0.01s
[2020.10.10-01.05.16:959][  0]LogFileCache: Scanning file cache for directory 'C:/Users/sttau/OneDrive/Documentos/Unreal Projects/Homework3/Content/Collections/' took 0.01s
[2020.10.10-01.05.16:959][  0]LogCollectionManager: Rebuilt the GUID cache for 0 collections in 0.000002 seconds
[2020.10.10-01.05.16:968][  0]LogContentBrowser: Native class hierarchy populated in 0.0094 seconds. Added 2732 classes and 659 folders.
[2020.10.10-01.05.16:977][  0]LogContentBrowser: Native class hierarchy updated for 'WidgetCarousel' in 0.0003 seconds. Added 0 classes and 0 folders.
[2020.10.10-01.05.16:978][  0]LogPakFile: Registered encryption key '00000000000000000000000000000000': 0 pak files mounted, 0 remain pending
[2020.10.10-01.05.16:979][  0]LogPakFile: Registered encryption key '00000000000000000000000000000000': 0 pak files mounted, 0 remain pending
[2020.10.10-01.05.16:980][  0]LogPakFile: Registered encryption key '00000000000000000000000000000000': 0 pak files mounted, 0 remain pending
[2020.10.10-01.05.16:981][  0]LogPakFile: Registered encryption key '00000000000000000000000000000000': 0 pak files mounted, 0 remain pending
[2020.10.10-01.05.16:981][  0]LogPakFile: Registered encryption key '00000000000000000000000000000000': 0 pak files mounted, 0 remain pending
[2020.10.10-01.05.16:982][  0]LogPakFile: Registered encryption key '00000000000000000000000000000000': 0 pak files mounted, 0 remain pending
[2020.10.10-01.05.16:982][  0]LogPakFile: Registered encryption key '00000000000000000000000000000000': 0 pak files mounted, 0 remain pending
[2020.10.10-01.05.16:983][  0]LogPakFile: Registered encryption key '00000000000000000000000000000000': 0 pak files mounted, 0 remain pending
[2020.10.10-01.05.16:983][  0]LogPakFile: Registered encryption key '00000000000000000000000000000000': 0 pak files mounted, 0 remain pending
[2020.10.10-01.05.16:984][  0]LogPakFile: Registered encryption key '00000000000000000000000000000000': 0 pak files mounted, 0 remain pending
[2020.10.10-01.05.16:984][  0]LogPakFile: Registered encryption key '00000000000000000000000000000000': 0 pak files mounted, 0 remain pending
[2020.10.10-01.05.16:985][  0]LogPakFile: Registered encryption key '00000000000000000000000000000000': 0 pak files mounted, 0 remain pending
[2020.10.10-01.05.16:985][  0]LogPakFile: Registered encryption key '00000000000000000000000000000000': 0 pak files mounted, 0 remain pending
[2020.10.10-01.05.16:986][  0]LogPakFile: Registered encryption key '00000000000000000000000000000000': 0 pak files mounted, 0 remain pending
[2020.10.10-01.05.16:986][  0]LogPakFile: Registered encryption key '00000000000000000000000000000000': 0 pak files mounted, 0 remain pending
[2020.10.10-01.05.16:987][  0]LogPakFile: Registered encryption key '00000000000000000000000000000000': 0 pak files mounted, 0 remain pending
[2020.10.10-01.05.16:988][  0]LogPakFile: Registered encryption key '00000000000000000000000000000000': 0 pak files mounted, 0 remain pending
[2020.10.10-01.05.16:989][  0]LogPakFile: Registered encryption key '00000000000000000000000000000000': 0 pak files mounted, 0 remain pending
[2020.10.10-01.05.16:989][  0]LogPakFile: Registered encryption key '00000000000000000000000000000000': 0 pak files mounted, 0 remain pending
[2020.10.10-01.05.16:990][  0]LogPakFile: Registered encryption key '00000000000000000000000000000000': 0 pak files mounted, 0 remain pending
[2020.10.10-01.05.16:990][  0]LogPakFile: Registered encryption key '00000000000000000000000000000000': 0 pak files mounted, 0 remain pending
[2020.10.10-01.05.16:991][  0]LogPakFile: Registered encryption key '00000000000000000000000000000000': 0 pak files mounted, 0 remain pending
[2020.10.10-01.05.16:992][  0]LogPakFile: Registered encryption key '00000000000000000000000000000000': 0 pak files mounted, 0 remain pending
[2020.10.10-01.05.16:992][  0]LogPakFile: Registered encryption key '00000000000000000000000000000000': 0 pak files mounted, 0 remain pending
[2020.10.10-01.05.16:993][  0]LogPakFile: Registered encryption key '00000000000000000000000000000000': 0 pak files mounted, 0 remain pending
[2020.10.10-01.05.16:993][  0]LogPakFile: Registered encryption key '00000000000000000000000000000000': 0 pak files mounted, 0 remain pending
[2020.10.10-01.05.17:030][  0]LogContentBrowser: Native class hierarchy updated for 'AddContentDialog' in 0.0003 seconds. Added 0 classes and 0 folders.
[2020.10.10-01.05.17:053][  0]LogSlate: Updating window title bar state: overlay mode, drag disabled, window buttons hidden, title bar hidden
[2020.10.10-01.05.17:062][  0]LogSlate: Updating window title bar state: overlay mode, drag disabled, window buttons hidden, title bar hidden
[2020.10.10-01.05.17:071][  0]LogSlate: Updating window title bar state: overlay mode, drag disabled, window buttons hidden, title bar hidden
[2020.10.10-01.05.17:081][  0]LogSlate: Updating window title bar state: overlay mode, drag disabled, window buttons hidden, title bar hidden
[2020.10.10-01.05.17:090][  0]LogContentBrowser: Native class hierarchy updated for 'SceneOutliner' in 0.0005 seconds. Added 1 classes and 2 folders.
[2020.10.10-01.05.17:203][  0]LogContentBrowser: Native class hierarchy updated for 'HierarchicalLODOutliner' in 0.0003 seconds. Added 0 classes and 0 folders.
[2020.10.10-01.05.17:203][  0]LogLoad: (Engine Initialization) Total time: 9.83 seconds
[2020.10.10-01.05.17:203][  0]LogLoad: (Engine Initialization) Total Blueprint compile time: 0.00 seconds
[2020.10.10-01.05.17:259][  0]LogAssetRegistry: Asset discovery search completed in 5.3601 seconds
[2020.10.10-01.05.17:261][  0]LogCollectionManager: Rebuilt the object cache for 0 collections in 0.000000 seconds (found 0 objects)
[2020.10.10-01.05.17:261][  0]LogCollectionManager: Fixed up redirectors for 0 collections in 0.000052 seconds (updated 0 objects)
[2020.10.10-01.05.17:264][  0]LogContentStreaming: Texture pool size now 1000 MB
[2020.10.10-01.05.17:272][  0]LogSlate: Took 0.000377 seconds to synchronously load lazily loaded font '../../../Engine/Content/Slate/Fonts/Roboto-Regular.ttf' (155K)
[2020.10.10-01.05.17:275][  0]LogSlate: Took 0.000258 seconds to synchronously load lazily loaded font '../../../Engine/Content/Editor/Slate/Fonts/FontAwesome.ttf' (139K)
[2020.10.10-01.05.17:276][  0]LogSlate: Took 0.000129 seconds to synchronously load lazily loaded font '../../../Engine/Content/Slate/Fonts/Roboto-Bold.ttf' (160K)
[2020.10.10-01.05.17:290][  0]LogSlate: Took 0.000289 seconds to synchronously load lazily loaded font '../../../Engine/Content/Slate/Fonts/Roboto-Light.ttf' (167K)
[2020.10.10-01.05.17:392][  1]LogRenderer: Reallocating scene render targets to support 744x592 Format 10 NumSamples 1 (Frame:1).
[2020.10.10-01.07.31:791][402]LogEditorViewport: Clicking on Actor (LMB): StaticMeshActor (Bump_StaticMesh)
[2020.10.10-01.07.34:440][547]LogSlate: FSceneViewport::OnFocusLost() reason 0
[2020.10.10-01.07.34:490][550]LogTemp: Repeating last play command: Selected Viewport
[2020.10.10-01.07.34:500][550]LogBlueprintUserMessages: Early PlayInEditor Detection: Level '/Game/ThirdPersonBP/Maps/ThirdPersonExampleMap.ThirdPersonExampleMap:PersistentLevel' has LevelScriptBlueprint '/Game/ThirdPersonBP/Maps/ThirdPersonExampleMap.ThirdPersonExampleMap:PersistentLevel.ThirdPersonExampleMap' with GeneratedClass '/Game/ThirdPersonBP/Maps/ThirdPersonExampleMap.ThirdPersonExampleMap_C' with ClassGeneratedBy '/Game/ThirdPersonBP/Maps/ThirdPersonExampleMap.ThirdPersonExampleMap:PersistentLevel.ThirdPersonExampleMap'
[2020.10.10-01.07.34:501][550]LogPlayLevel: PlayLevel: No blueprints needed recompiling
[2020.10.10-01.07.34:505][550]PIE: New page: PIE session: ThirdPersonExampleMap (Oct 9, 2020, 5:07:34 PM)
[2020.10.10-01.07.34:519][550]LogPlayLevel: Creating play world package: /Game/ThirdPersonBP/Maps/UEDPIE_0_ThirdPersonExampleMap
[2020.10.10-01.07.34:536][550]LogPlayLevel: PIE: StaticDuplicateObject took: (0.016731s)
[2020.10.10-01.07.34:536][550]LogAIModule: Creating AISystem for world ThirdPersonExampleMap
[2020.10.10-01.07.34:537][550]LogPlayLevel: PIE: World Init took: (0.000842s)
[2020.10.10-01.07.34:537][550]LogPlayLevel: PIE: Created PIE world by copying editor world from /Game/ThirdPersonBP/Maps/ThirdPersonExampleMap.ThirdPersonExampleMap to /Game/ThirdPersonBP/Maps/UEDPIE_0_ThirdPersonExampleMap.ThirdPersonExampleMap (0.017996s)
[2020.10.10-01.07.34:561][550]LogUObjectHash: Compacting FUObjectHashTables data took   1.05ms
[2020.10.10-01.07.34:593][550]LogInit: XAudio2 using 'Speakers (4- ROCCAT Khan AIMO)' : 6 channels at 48 kHz using 24 bits per sample (channel mask 0x3f)
[2020.10.10-01.07.34:626][550]LogInit: FAudioDevice initialized.
[2020.10.10-01.07.34:672][550]LogLoad: Game class is 'ThirdPersonGameMode_C'
[2020.10.10-01.07.34:678][550]LogWorld: Bringing World /Game/ThirdPersonBP/Maps/UEDPIE_0_ThirdPersonExampleMap.ThirdPersonExampleMap up for play (max tick rate 60) at 2020.10.09-21.07.34
[2020.10.10-01.07.34:680][550]LogWorld: Bringing up level for play took: 0.003836
[2020.10.10-01.07.34:708][550]LogContentBrowser: Native class hierarchy updated for 'MovieSceneCapture' in 0.0003 seconds. Added 20 classes and 0 folders.
[2020.10.10-01.07.34:711][550]PIE: Play in editor start time for /Game/ThirdPersonBP/Maps/UEDPIE_0_ThirdPersonExampleMap -0.119
[2020.10.10-01.07.34:711][550]LogBlueprintUserMessages: Late PlayInEditor Detection: Level '/Game/ThirdPersonBP/Maps/ThirdPersonExampleMap.ThirdPersonExampleMap:PersistentLevel' has LevelScriptBlueprint '/Game/ThirdPersonBP/Maps/ThirdPersonExampleMap.ThirdPersonExampleMap:PersistentLevel.ThirdPersonExampleMap' with GeneratedClass '/Game/ThirdPersonBP/Maps/ThirdPersonExampleMap.ThirdPersonExampleMap_C' with ClassGeneratedBy '/Game/ThirdPersonBP/Maps/ThirdPersonExampleMap.ThirdPersonExampleMap:PersistentLevel.ThirdPersonExampleMap'
[2020.10.10-01.08.13:149][853]LogBlueprintUserMessages: Early EndPlayMap Detection: Level '/Game/ThirdPersonBP/Maps/ThirdPersonExampleMap.ThirdPersonExampleMap:PersistentLevel' has LevelScriptBlueprint '/Game/ThirdPersonBP/Maps/ThirdPersonExampleMap.ThirdPersonExampleMap:PersistentLevel.ThirdPersonExampleMap' with GeneratedClass '/Game/ThirdPersonBP/Maps/ThirdPersonExampleMap.ThirdPersonExampleMap_C' with ClassGeneratedBy '/Game/ThirdPersonBP/Maps/ThirdPersonExampleMap.ThirdPersonExampleMap:PersistentLevel.ThirdPersonExampleMap'
[2020.10.10-01.08.13:151][853]LogSlate: Updating window title bar state: overlay mode, drag disabled, window buttons hidden, title bar hidden
[2020.10.10-01.08.13:182][853]LogPlayLevel: Display: Shutting down PIE online subsystems
[2020.10.10-01.08.13:183][853]LogBlueprintUserMessages: Late EndPlayMap Detection: Level '/Game/ThirdPersonBP/Maps/ThirdPersonExampleMap.ThirdPersonExampleMap:PersistentLevel' has LevelScriptBlueprint '/Game/ThirdPersonBP/Maps/ThirdPersonExampleMap.ThirdPersonExampleMap:PersistentLevel.ThirdPersonExampleMap' with GeneratedClass '/Game/ThirdPersonBP/Maps/ThirdPersonExampleMap.ThirdPersonExampleMap_C' with ClassGeneratedBy '/Game/ThirdPersonBP/Maps/ThirdPersonExampleMap.ThirdPersonExampleMap:PersistentLevel.ThirdPersonExampleMap'
[2020.10.10-01.08.13:210][853]LogSlate: Updating window title bar state: overlay mode, drag disabled, window buttons hidden, title bar hidden
[2020.10.10-01.08.13:214][853]LogUObjectHash: Compacting FUObjectHashTables data took   1.69ms
[2020.10.10-01.08.13:264][855]LogPlayLevel: Display: Destroying online subsystem :Context_3
[2020.10.10-01.09.21:739][315]LogEditorViewport: Clicking on Actor (LMB): StaticMeshActor (Floor)
[2020.10.10-01.09.52:181][132]LogSlate: FSceneViewport::OnFocusLost() reason 0
[2020.10.10-01.09.52:354][142]LogActorFactory: Actor Factory created Sphere
[2020.10.10-01.09.53:086][185]LogActorFactory: Actor Factory created Sphere
[2020.10.10-01.09.55:085][302]LogSlate: FSceneViewport::OnFocusLost() reason 0
[2020.10.10-01.09.55:150][306]LogTemp: Repeating last play command: Selected Viewport
[2020.10.10-01.09.55:157][306]LogBlueprintUserMessages: Early PlayInEditor Detection: Level '/Game/ThirdPersonBP/Maps/ThirdPersonExampleMap.ThirdPersonExampleMap:PersistentLevel' has LevelScriptBlueprint '/Game/ThirdPersonBP/Maps/ThirdPersonExampleMap.ThirdPersonExampleMap:PersistentLevel.ThirdPersonExampleMap' with GeneratedClass '/Game/ThirdPersonBP/Maps/ThirdPersonExampleMap.ThirdPersonExampleMap_C' with ClassGeneratedBy '/Game/ThirdPersonBP/Maps/ThirdPersonExampleMap.ThirdPersonExampleMap:PersistentLevel.ThirdPersonExampleMap'
[2020.10.10-01.09.55:157][306]LogPlayLevel: PlayLevel: No blueprints needed recompiling
[2020.10.10-01.09.55:157][306]PIE: New page: PIE session: ThirdPersonExampleMap (Oct 9, 2020, 5:09:55 PM)
[2020.10.10-01.09.55:157][306]LogPlayLevel: Creating play world package: /Game/ThirdPersonBP/Maps/UEDPIE_0_ThirdPersonExampleMap
[2020.10.10-01.09.55:168][306]LogPlayLevel: PIE: StaticDuplicateObject took: (0.010729s)
[2020.10.10-01.09.55:169][306]LogAIModule: Creating AISystem for world ThirdPersonExampleMap
[2020.10.10-01.09.55:170][306]LogPlayLevel: PIE: World Init took: (0.001453s)
[2020.10.10-01.09.55:170][306]LogPlayLevel: PIE: Created PIE world by copying editor world from /Game/ThirdPersonBP/Maps/ThirdPersonExampleMap.ThirdPersonExampleMap to /Game/ThirdPersonBP/Maps/UEDPIE_0_ThirdPersonExampleMap.ThirdPersonExampleMap (0.012482s)
[2020.10.10-01.09.55:197][306]LogUObjectHash: Compacting FUObjectHashTables data took   1.16ms
[2020.10.10-01.09.55:225][306]LogInit: XAudio2 using 'Speakers (4- ROCCAT Khan AIMO)' : 6 channels at 48 kHz using 24 bits per sample (channel mask 0x3f)
[2020.10.10-01.09.55:257][306]LogInit: FAudioDevice initialized.
[2020.10.10-01.09.55:287][306]LogLoad: Game class is 'ThirdPersonGameMode_C'
[2020.10.10-01.09.55:290][306]LogWorld: Bringing World /Game/ThirdPersonBP/Maps/UEDPIE_0_ThirdPersonExampleMap.ThirdPersonExampleMap up for play (max tick rate 60) at 2020.10.09-21.09.55
[2020.10.10-01.09.55:290][306]LogWorld: Bringing up level for play took: 0.001449
[2020.10.10-01.09.55:303][306]PIE: Play in editor start time for /Game/ThirdPersonBP/Maps/UEDPIE_0_ThirdPersonExampleMap 0.473
[2020.10.10-01.09.55:303][306]LogBlueprintUserMessages: Late PlayInEditor Detection: Level '/Game/ThirdPersonBP/Maps/ThirdPersonExampleMap.ThirdPersonExampleMap:PersistentLevel' has LevelScriptBlueprint '/Game/ThirdPersonBP/Maps/ThirdPersonExampleMap.ThirdPersonExampleMap:PersistentLevel.ThirdPersonExampleMap' with GeneratedClass '/Game/ThirdPersonBP/Maps/ThirdPersonExampleMap.ThirdPersonExampleMap_C' with ClassGeneratedBy '/Game/ThirdPersonBP/Maps/ThirdPersonExampleMap.ThirdPersonExampleMap:PersistentLevel.ThirdPersonExampleMap'
[2020.10.10-01.10.07:774][ 53]LogBlueprintUserMessages: Early EndPlayMap Detection: Level '/Game/ThirdPersonBP/Maps/ThirdPersonExampleMap.ThirdPersonExampleMap:PersistentLevel' has LevelScriptBlueprint '/Game/ThirdPersonBP/Maps/ThirdPersonExampleMap.ThirdPersonExampleMap:PersistentLevel.ThirdPersonExampleMap' with GeneratedClass '/Game/ThirdPersonBP/Maps/ThirdPersonExampleMap.ThirdPersonExampleMap_C' with ClassGeneratedBy '/Game/ThirdPersonBP/Maps/ThirdPersonExampleMap.ThirdPersonExampleMap:PersistentLevel.ThirdPersonExampleMap'
[2020.10.10-01.10.07:774][ 53]LogSlate: Updating window title bar state: overlay mode, drag disabled, window buttons hidden, title bar hidden
[2020.10.10-01.10.07:808][ 53]LogPlayLevel: Display: Shutting down PIE online subsystems
[2020.10.10-01.10.07:808][ 53]LogBlueprintUserMessages: Late EndPlayMap Detection: Level '/Game/ThirdPersonBP/Maps/ThirdPersonExampleMap.ThirdPersonExampleMap:PersistentLevel' has LevelScriptBlueprint '/Game/ThirdPersonBP/Maps/ThirdPersonExampleMap.ThirdPersonExampleMap:PersistentLevel.ThirdPersonExampleMap' with GeneratedClass '/Game/ThirdPersonBP/Maps/ThirdPersonExampleMap.ThirdPersonExampleMap_C' with ClassGeneratedBy '/Game/ThirdPersonBP/Maps/ThirdPersonExampleMap.ThirdPersonExampleMap:PersistentLevel.ThirdPersonExampleMap'
[2020.10.10-01.10.07:834][ 53]LogSlate: Updating window title bar state: overlay mode, drag disabled, window buttons hidden, title bar hidden
[2020.10.10-01.10.07:837][ 53]LogUObjectHash: Compacting FUObjectHashTables data took   1.27ms
[2020.10.10-01.10.07:887][ 55]LogPlayLevel: Display: Destroying online subsystem :Context_4
[2020.10.10-01.10.11:406][266]LogSlate: FSceneViewport::OnFocusLost() reason 0
[2020.10.10-01.10.11:527][273]LogActorFactory: Actor Factory created Cube
[2020.10.10-01.10.12:130][309]LogActorFactory: Actor Factory created Cube
[2020.10.10-01.10.26:114][144]LogSlate: FSceneViewport::OnFocusLost() reason 0
[2020.10.10-01.10.27:246][212]LogTemp: Repeating last play command: Selected Viewport
[2020.10.10-01.10.27:252][212]LogBlueprintUserMessages: Early PlayInEditor Detection: Level '/Game/ThirdPersonBP/Maps/ThirdPersonExampleMap.ThirdPersonExampleMap:PersistentLevel' has LevelScriptBlueprint '/Game/ThirdPersonBP/Maps/ThirdPersonExampleMap.ThirdPersonExampleMap:PersistentLevel.ThirdPersonExampleMap' with GeneratedClass '/Game/ThirdPersonBP/Maps/ThirdPersonExampleMap.ThirdPersonExampleMap_C' with ClassGeneratedBy '/Game/ThirdPersonBP/Maps/ThirdPersonExampleMap.ThirdPersonExampleMap:PersistentLevel.ThirdPersonExampleMap'
[2020.10.10-01.10.27:252][212]LogPlayLevel: PlayLevel: No blueprints needed recompiling
[2020.10.10-01.10.27:253][212]PIE: New page: PIE session: ThirdPersonExampleMap (Oct 9, 2020, 5:10:27 PM)
[2020.10.10-01.10.27:253][212]LogPlayLevel: Creating play world package: /Game/ThirdPersonBP/Maps/UEDPIE_0_ThirdPersonExampleMap
[2020.10.10-01.10.27:262][212]LogPlayLevel: PIE: StaticDuplicateObject took: (0.009209s)
[2020.10.10-01.10.27:263][212]LogAIModule: Creating AISystem for world ThirdPersonExampleMap
[2020.10.10-01.10.27:263][212]LogPlayLevel: PIE: World Init took: (0.000924s)
[2020.10.10-01.10.27:263][212]LogPlayLevel: PIE: Created PIE world by copying editor world from /Game/ThirdPersonBP/Maps/ThirdPersonExampleMap.ThirdPersonExampleMap to /Game/ThirdPersonBP/Maps/UEDPIE_0_ThirdPersonExampleMap.ThirdPersonExampleMap (0.010335s)
[2020.10.10-01.10.27:288][212]LogUObjectHash: Compacting FUObjectHashTables data took   1.15ms
[2020.10.10-01.10.27:316][212]LogInit: XAudio2 using 'Speakers (4- ROCCAT Khan AIMO)' : 6 channels at 48 kHz using 24 bits per sample (channel mask 0x3f)
[2020.10.10-01.10.27:347][212]LogInit: FAudioDevice initialized.
[2020.10.10-01.10.27:376][212]LogLoad: Game class is 'ThirdPersonGameMode_C'
[2020.10.10-01.10.27:378][212]LogWorld: Bringing World /Game/ThirdPersonBP/Maps/UEDPIE_0_ThirdPersonExampleMap.ThirdPersonExampleMap up for play (max tick rate 60) at 2020.10.09-21.10.27
[2020.10.10-01.10.27:378][212]LogWorld: Bringing up level for play took: 0.001464
[2020.10.10-01.10.27:391][212]PIE: Play in editor start time for /Game/ThirdPersonBP/Maps/UEDPIE_0_ThirdPersonExampleMap 0.561
[2020.10.10-01.10.27:391][212]LogBlueprintUserMessages: Late PlayInEditor Detection: Level '/Game/ThirdPersonBP/Maps/ThirdPersonExampleMap.ThirdPersonExampleMap:PersistentLevel' has LevelScriptBlueprint '/Game/ThirdPersonBP/Maps/ThirdPersonExampleMap.ThirdPersonExampleMap:PersistentLevel.ThirdPersonExampleMap' with GeneratedClass '/Game/ThirdPersonBP/Maps/ThirdPersonExampleMap.ThirdPersonExampleMap_C' with ClassGeneratedBy '/Game/ThirdPersonBP/Maps/ThirdPersonExampleMap.ThirdPersonExampleMap:PersistentLevel.ThirdPersonExampleMap'
[2020.10.10-01.10.29:292][325]LogBlueprintUserMessages: Early EndPlayMap Detection: Level '/Game/ThirdPersonBP/Maps/ThirdPersonExampleMap.ThirdPersonExampleMap:PersistentLevel' has LevelScriptBlueprint '/Game/ThirdPersonBP/Maps/ThirdPersonExampleMap.ThirdPersonExampleMap:PersistentLevel.ThirdPersonExampleMap' with GeneratedClass '/Game/ThirdPersonBP/Maps/ThirdPersonExampleMap.ThirdPersonExampleMap_C' with ClassGeneratedBy '/Game/ThirdPersonBP/Maps/ThirdPersonExampleMap.ThirdPersonExampleMap:PersistentLevel.ThirdPersonExampleMap'
[2020.10.10-01.10.29:292][325]LogSlate: Updating window title bar state: overlay mode, drag disabled, window buttons hidden, title bar hidden
[2020.10.10-01.10.29:320][325]LogPlayLevel: Display: Shutting down PIE online subsystems
[2020.10.10-01.10.29:320][325]LogBlueprintUserMessages: Late EndPlayMap Detection: Level '/Game/ThirdPersonBP/Maps/ThirdPersonExampleMap.ThirdPersonExampleMap:PersistentLevel' has LevelScriptBlueprint '/Game/ThirdPersonBP/Maps/ThirdPersonExampleMap.ThirdPersonExampleMap:PersistentLevel.ThirdPersonExampleMap' with GeneratedClass '/Game/ThirdPersonBP/Maps/ThirdPersonExampleMap.ThirdPersonExampleMap_C' with ClassGeneratedBy '/Game/ThirdPersonBP/Maps/ThirdPersonExampleMap.ThirdPersonExampleMap:PersistentLevel.ThirdPersonExampleMap'
[2020.10.10-01.10.29:346][325]LogSlate: Updating window title bar state: overlay mode, drag disabled, window buttons hidden, title bar hidden
[2020.10.10-01.10.29:349][325]LogUObjectHash: Compacting FUObjectHashTables data took   1.28ms
[2020.10.10-01.10.29:404][328]LogPlayLevel: Display: Destroying online subsystem :Context_5
[2020.10.10-01.10.31:171][434]LogEditorViewport: Clicking on Actor (LMB): StaticMeshActor (Cube)
[2020.10.10-01.10.32:454][509]LogSlate: FSceneViewport::OnFocusLost() reason 0
[2020.10.10-01.10.33:503][572]LogTemp: Repeating last play command: Selected Viewport
[2020.10.10-01.10.33:509][572]LogBlueprintUserMessages: Early PlayInEditor Detection: Level '/Game/ThirdPersonBP/Maps/ThirdPersonExampleMap.ThirdPersonExampleMap:PersistentLevel' has LevelScriptBlueprint '/Game/ThirdPersonBP/Maps/ThirdPersonExampleMap.ThirdPersonExampleMap:PersistentLevel.ThirdPersonExampleMap' with GeneratedClass '/Game/ThirdPersonBP/Maps/ThirdPersonExampleMap.ThirdPersonExampleMap_C' with ClassGeneratedBy '/Game/ThirdPersonBP/Maps/ThirdPersonExampleMap.ThirdPersonExampleMap:PersistentLevel.ThirdPersonExampleMap'
[2020.10.10-01.10.33:509][572]LogPlayLevel: PlayLevel: No blueprints needed recompiling
[2020.10.10-01.10.33:509][572]PIE: New page: PIE session: ThirdPersonExampleMap (Oct 9, 2020, 5:10:33 PM)
[2020.10.10-01.10.33:509][572]LogPlayLevel: Creating play world package: /Game/ThirdPersonBP/Maps/UEDPIE_0_ThirdPersonExampleMap
[2020.10.10-01.10.33:520][572]LogPlayLevel: PIE: StaticDuplicateObject took: (0.011120s)
[2020.10.10-01.10.33:521][572]LogAIModule: Creating AISystem for world ThirdPersonExampleMap
[2020.10.10-01.10.33:521][572]LogPlayLevel: PIE: World Init took: (0.001072s)
[2020.10.10-01.10.33:521][572]LogPlayLevel: PIE: Created PIE world by copying editor world from /Game/ThirdPersonBP/Maps/ThirdPersonExampleMap.ThirdPersonExampleMap to /Game/ThirdPersonBP/Maps/UEDPIE_0_ThirdPersonExampleMap.ThirdPersonExampleMap (0.012418s)
[2020.10.10-01.10.33:546][572]LogUObjectHash: Compacting FUObjectHashTables data took   1.08ms
[2020.10.10-01.10.33:574][572]LogInit: XAudio2 using 'Speakers (4- ROCCAT Khan AIMO)' : 6 channels at 48 kHz using 24 bits per sample (channel mask 0x3f)
[2020.10.10-01.10.33:606][572]LogInit: FAudioDevice initialized.
[2020.10.10-01.10.33:634][572]LogLoad: Game class is 'ThirdPersonGameMode_C'
[2020.10.10-01.10.33:636][572]LogWorld: Bringing World /Game/ThirdPersonBP/Maps/UEDPIE_0_ThirdPersonExampleMap.ThirdPersonExampleMap up for play (max tick rate 60) at 2020.10.09-21.10.33
[2020.10.10-01.10.33:636][572]LogWorld: Bringing up level for play took: 0.001396
[2020.10.10-01.10.33:649][572]PIE: Play in editor start time for /Game/ThirdPersonBP/Maps/UEDPIE_0_ThirdPersonExampleMap 0.819
[2020.10.10-01.10.33:649][572]LogBlueprintUserMessages: Late PlayInEditor Detection: Level '/Game/ThirdPersonBP/Maps/ThirdPersonExampleMap.ThirdPersonExampleMap:PersistentLevel' has LevelScriptBlueprint '/Game/ThirdPersonBP/Maps/ThirdPersonExampleMap.ThirdPersonExampleMap:PersistentLevel.ThirdPersonExampleMap' with GeneratedClass '/Game/ThirdPersonBP/Maps/ThirdPersonExampleMap.ThirdPersonExampleMap_C' with ClassGeneratedBy '/Game/ThirdPersonBP/Maps/ThirdPersonExampleMap.ThirdPersonExampleMap:PersistentLevel.ThirdPersonExampleMap'
[2020.10.10-01.10.56:967][969]LogBlueprintUserMessages: Early EndPlayMap Detection: Level '/Game/ThirdPersonBP/Maps/ThirdPersonExampleMap.ThirdPersonExampleMap:PersistentLevel' has LevelScriptBlueprint '/Game/ThirdPersonBP/Maps/ThirdPersonExampleMap.ThirdPersonExampleMap:PersistentLevel.ThirdPersonExampleMap' with GeneratedClass '/Game/ThirdPersonBP/Maps/ThirdPersonExampleMap.ThirdPersonExampleMap_C' with ClassGeneratedBy '/Game/ThirdPersonBP/Maps/ThirdPersonExampleMap.ThirdPersonExampleMap:PersistentLevel.ThirdPersonExampleMap'
[2020.10.10-01.10.56:967][969]LogSlate: Updating window title bar state: overlay mode, drag disabled, window buttons hidden, title bar hidden
[2020.10.10-01.10.57:002][969]LogPlayLevel: Display: Shutting down PIE online subsystems
[2020.10.10-01.10.57:002][969]LogBlueprintUserMessages: Late EndPlayMap Detection: Level '/Game/ThirdPersonBP/Maps/ThirdPersonExampleMap.ThirdPersonExampleMap:PersistentLevel' has LevelScriptBlueprint '/Game/ThirdPersonBP/Maps/ThirdPersonExampleMap.ThirdPersonExampleMap:PersistentLevel.ThirdPersonExampleMap' with GeneratedClass '/Game/ThirdPersonBP/Maps/ThirdPersonExampleMap.ThirdPersonExampleMap_C' with ClassGeneratedBy '/Game/ThirdPersonBP/Maps/ThirdPersonExampleMap.ThirdPersonExampleMap:PersistentLevel.ThirdPersonExampleMap'
[2020.10.10-01.10.57:028][969]LogSlate: Updating window title bar state: overlay mode, drag disabled, window buttons hidden, title bar hidden
[2020.10.10-01.10.57:030][969]LogUObjectHash: Compacting FUObjectHashTables data took   1.08ms
[2020.10.10-01.10.57:074][971]LogPlayLevel: Display: Destroying online subsystem :Context_6
[2020.10.10-01.11.01:209][219]LogSlate: FSceneViewport::OnFocusLost() reason 0
[2020.10.10-01.11.05:996][504]Cmd: DELETE
[2020.10.10-01.11.05:997][504]Cmd: ACTOR DELETE
[2020.10.10-01.11.06:007][504]LogEditorActor: Deleted Actor: TriggerBox
[2020.10.10-01.11.06:033][504]LogUObjectHash: Compacting FUObjectHashTables data took   2.50ms
[2020.10.10-01.11.06:034][504]LogEditorActor: Deleted 1 Actors (0.033 secs)
[2020.10.10-01.11.08:090][628]LogSlate: FSceneViewport::OnFocusLost() reason 0
[2020.10.10-01.11.08:226][636]LogActorFactory: Actor Factory created Cone
[2020.10.10-01.11.08:730][666]LogActorFactory: Actor Factory created Cone
[2020.10.10-01.11.14:196][992]LogSlate: FSceneViewport::OnFocusLost() reason 0
[2020.10.10-01.11.19:603][316]LogSlate: FSceneViewport::OnFocusLost() reason 0
[2020.10.10-01.11.37:935][412]LogSlate: FSceneViewport::OnFocusLost() reason 0
[2020.10.10-01.11.38:001][416]LogTemp: Repeating last play command: Selected Viewport
[2020.10.10-01.11.38:010][416]LogBlueprintUserMessages: Early PlayInEditor Detection: Level '/Game/ThirdPersonBP/Maps/ThirdPersonExampleMap.ThirdPersonExampleMap:PersistentLevel' has LevelScriptBlueprint '/Game/ThirdPersonBP/Maps/ThirdPersonExampleMap.ThirdPersonExampleMap:PersistentLevel.ThirdPersonExampleMap' with GeneratedClass '/Game/ThirdPersonBP/Maps/ThirdPersonExampleMap.ThirdPersonExampleMap_C' with ClassGeneratedBy '/Game/ThirdPersonBP/Maps/ThirdPersonExampleMap.ThirdPersonExampleMap:PersistentLevel.ThirdPersonExampleMap'
[2020.10.10-01.11.38:010][416]LogPlayLevel: PlayLevel: No blueprints needed recompiling
[2020.10.10-01.11.38:010][416]PIE: New page: PIE session: ThirdPersonExampleMap (Oct 9, 2020, 5:11:38 PM)
[2020.10.10-01.11.38:010][416]LogPlayLevel: Creating play world package: /Game/ThirdPersonBP/Maps/UEDPIE_0_ThirdPersonExampleMap
[2020.10.10-01.11.38:021][416]LogPlayLevel: PIE: StaticDuplicateObject took: (0.010486s)
[2020.10.10-01.11.38:021][416]LogAIModule: Creating AISystem for world ThirdPersonExampleMap
[2020.10.10-01.11.38:022][416]LogPlayLevel: PIE: World Init took: (0.001071s)
[2020.10.10-01.11.38:022][416]LogPlayLevel: PIE: Created PIE world by copying editor world from /Game/ThirdPersonBP/Maps/ThirdPersonExampleMap.ThirdPersonExampleMap to /Game/ThirdPersonBP/Maps/UEDPIE_0_ThirdPersonExampleMap.ThirdPersonExampleMap (0.011807s)
[2020.10.10-01.11.38:046][416]LogUObjectHash: Compacting FUObjectHashTables data took   1.38ms
[2020.10.10-01.11.38:070][416]LogInit: XAudio2 using 'Speakers (4- ROCCAT Khan AIMO)' : 6 channels at 48 kHz using 24 bits per sample (channel mask 0x3f)
[2020.10.10-01.11.38:105][416]LogInit: FAudioDevice initialized.
[2020.10.10-01.11.38:132][416]LogLoad: Game class is 'ThirdPersonGameMode_C'
[2020.10.10-01.11.38:134][416]LogWorld: Bringing World /Game/ThirdPersonBP/Maps/UEDPIE_0_ThirdPersonExampleMap.ThirdPersonExampleMap up for play (max tick rate 60) at 2020.10.09-21.11.38
[2020.10.10-01.11.38:134][416]LogWorld: Bringing up level for play took: 0.001531
[2020.10.10-01.11.38:148][416]PIE: Play in editor start time for /Game/ThirdPersonBP/Maps/UEDPIE_0_ThirdPersonExampleMap -0.682
[2020.10.10-01.11.38:148][416]LogBlueprintUserMessages: Late PlayInEditor Detection: Level '/Game/ThirdPersonBP/Maps/ThirdPersonExampleMap.ThirdPersonExampleMap:PersistentLevel' has LevelScriptBlueprint '/Game/ThirdPersonBP/Maps/ThirdPersonExampleMap.ThirdPersonExampleMap:PersistentLevel.ThirdPersonExampleMap' with GeneratedClass '/Game/ThirdPersonBP/Maps/ThirdPersonExampleMap.ThirdPersonExampleMap_C' with ClassGeneratedBy '/Game/ThirdPersonBP/Maps/ThirdPersonExampleMap.ThirdPersonExampleMap:PersistentLevel.ThirdPersonExampleMap'
[2020.10.10-01.12.01:560][819]LogBlueprintUserMessages: Early EndPlayMap Detection: Level '/Game/ThirdPersonBP/Maps/ThirdPersonExampleMap.ThirdPersonExampleMap:PersistentLevel' has LevelScriptBlueprint '/Game/ThirdPersonBP/Maps/ThirdPersonExampleMap.ThirdPersonExampleMap:PersistentLevel.ThirdPersonExampleMap' with GeneratedClass '/Game/ThirdPersonBP/Maps/ThirdPersonExampleMap.ThirdPersonExampleMap_C' with ClassGeneratedBy '/Game/ThirdPersonBP/Maps/ThirdPersonExampleMap.ThirdPersonExampleMap:PersistentLevel.ThirdPersonExampleMap'
[2020.10.10-01.12.01:560][819]LogSlate: Updating window title bar state: overlay mode, drag disabled, window buttons hidden, title bar hidden
[2020.10.10-01.12.01:592][819]LogPlayLevel: Display: Shutting down PIE online subsystems
[2020.10.10-01.12.01:592][819]LogBlueprintUserMessages: Late EndPlayMap Detection: Level '/Game/ThirdPersonBP/Maps/ThirdPersonExampleMap.ThirdPersonExampleMap:PersistentLevel' has LevelScriptBlueprint '/Game/ThirdPersonBP/Maps/ThirdPersonExampleMap.ThirdPersonExampleMap:PersistentLevel.ThirdPersonExampleMap' with GeneratedClass '/Game/ThirdPersonBP/Maps/ThirdPersonExampleMap.ThirdPersonExampleMap_C' with ClassGeneratedBy '/Game/ThirdPersonBP/Maps/ThirdPersonExampleMap.ThirdPersonExampleMap:PersistentLevel.ThirdPersonExampleMap'
[2020.10.10-01.12.01:618][819]LogSlate: Updating window title bar state: overlay mode, drag disabled, window buttons hidden, title bar hidden
[2020.10.10-01.12.01:621][819]LogUObjectHash: Compacting FUObjectHashTables data took   1.44ms
[2020.10.10-01.12.01:663][821]LogPlayLevel: Display: Destroying online subsystem :Context_7
[2020.10.10-01.12.06:565][115]LogSlate: FSceneViewport::OnFocusLost() reason 0
[2020.10.10-01.12.16:673][719]Cmd: DELETE
[2020.10.10-01.12.16:673][719]Cmd: ACTOR DELETE
[2020.10.10-01.12.16:674][719]LogEditorActor: Deleted Actor: PointLight
[2020.10.10-01.12.16:698][719]LogUObjectHash: Compacting FUObjectHashTables data took   1.15ms
[2020.10.10-01.12.16:698][719]LogEditorActor: Deleted 1 Actors (0.025 secs)
[2020.10.10-01.12.18:556][831]LogSlate: FSceneViewport::OnFocusLost() reason 0
[2020.10.10-01.12.24:606][193]LogSlate: FSceneViewport::OnFocusLost() reason 0
[2020.10.10-01.12.31:865][626]LogSlate: FSceneViewport::OnFocusLost() reason 0
[2020.10.10-01.12.33:770][740]MapCheck: New page: Map Check
[2020.10.10-01.12.33:794][740]LightingResults: New page: Lighting Build - Oct 9, 2020, 5:12:33 PM
[2020.10.10-01.12.33:847][740]LogSwarmInterface: [OpenConnection] Registering TCP channel ...
[2020.10.10-01.12.33:936][740]LogSwarmInterface: [OpenConnection] Connecting to agent ...
[2020.10.10-01.12.33:952][740]LogSwarmInterface: [TryOpenConnection] Testing the Agent
[2020.10.10-01.12.34:973][740]LogSwarmInterface: [TryOpenConnection] Opening Connection to Agent
[2020.10.10-01.12.34:973][740]LogSwarmInterface: [TryOpenConnection] Local Process ID is 14468
[2020.10.10-01.12.37:376][740]LogStaticLightingSystem: Running Lightmass w/ ImmediateImport mode ENABLED
[2020.10.10-01.12.37:376][740]LogStaticLightingSystem: Running Lightmass w/ ImmediateProcess mode ENABLED
[2020.10.10-01.12.37:376][740]LogStaticLightingSystem: Running Lightmass w/ Sorting mode ENABLED
[2020.10.10-01.12.37:376][740]LogStaticLightingSystem: Running Lightmass w/ Mapping paddings ENABLED
[2020.10.10-01.12.37:376][740]LogStaticLightingSystem: Running Lightmass w/ Mapping debug paddings DISABLED
[2020.10.10-01.12.37:667][740]LogEditorBuildUtils: Build time 0:03
[2020.10.10-01.12.37:708][741]LogMaterial: Display: Missing cached shader map for material FLightmassMaterialRenderer RampMaterial, compiling. 
[2020.10.10-01.12.37:729][741]LogMaterial: Display: Missing cached shader map for material FLightmassMaterialRenderer RampMaterial, compiling. 
[2020.10.10-01.12.40:472][747]LogUObjectHash: Compacting FUObjectHashTables data took   1.48ms
[2020.10.10-01.12.46:971][105]Job is a success!
[2020.10.10-01.12.47:001][106]LogSlate: Took 0.000265 seconds to synchronously load lazily loaded font '../../../Engine/Content/Slate/Fonts/Roboto-Light.ttf' (167K)
[2020.10.10-01.12.47:061][106]LogVolumetricLightmapImport: Imported Volumetric Lightmap in 0.015s
[2020.10.10-01.12.47:061][106]LogVolumetricLightmapImport:      Indirection Texture 16x16x16 = 0.0Mb
[2020.10.10-01.12.47:061][106]LogVolumetricLightmapImport:      BrickData 245x5x5 = 0.2Mb
[2020.10.10-01.12.47:061][106]LogVolumetricLightmapImport:      Bricks at Level
[2020.10.10-01.12.47:061][106]LogVolumetricLightmapImport:          0: 2.0% covering 100.0% of volume
[2020.10.10-01.12.47:061][106]LogVolumetricLightmapImport:          1: 8.2% covering 6.3% of volume
[2020.10.10-01.12.47:061][106]LogVolumetricLightmapImport:          2: 89.8% covering 1.1% of volume
[2020.10.10-01.12.47:643][106]LogTexture: Display: Building textures: SkyOcclusion1_1 (AutoDXT, 1024X512)
[2020.10.10-01.12.47:643][106]LogTexture: Display: Building textures: HQ_Lightmap1_1 (AutoDXT, 1024X1024)
[2020.10.10-01.12.47:643][106]LogTexture: Display: Building textures: LQ_Lightmap_1_1 (DXT1, 1024X1024)
[2020.10.10-01.12.47:643][106]LogTexture: Display: Building textures: HQ_Lightmap1_2 (AutoDXT, 512X512)
[2020.10.10-01.12.47:643][106]LogTexture: Display: Building textures: SkyOcclusion1_2 (AutoDXT, 512X256)
[2020.10.10-01.12.47:644][106]LogTexture: Display: Building textures: LQ_Lightmap_1_2 (DXT1, 512X512)
[2020.10.10-01.12.47:644][106]LogTexture: Display: Building textures: SkyOcclusion1_3 (AutoDXT, 64X32)
[2020.10.10-01.12.47:644][106]LogTexture: Display: Building textures: HQ_Lightmap1_3 (AutoDXT, 64X64)
[2020.10.10-01.12.47:644][106]LogTexture: Display: Building textures: LQ_Lightmap_1_3 (DXT1, 64X64)
[2020.10.10-01.12.47:843][106]LogTexture: Display: Building textures: ShadowMapTexture2D_3 (BGRA8, 32X32)
[2020.10.10-01.12.47:900][106]LogTexture: Display: Building textures: ShadowMapTexture2D_2 (BGRA8, 1024X1024)
[2020.10.10-01.12.47:945][106]Lightmass on DESKTOP-R3QVGPA: 6.60 sec total, 156 ms importing, 45 ms setup, 1.32 sec photons, 5.03 sec processing, 0 ms extra exporting [15/15 mappings]. Threads: 35.0 sec total, 12.1 sec processing.
[2020.10.10-01.12.47:948][106]LogStaticLightingSystem: ThirdPersonExampleMap_BuiltData storing lightmap data for 15 meshes in 3 LightmapResourceClusters (5.0 Meshes per cluster).
[2020.10.10-01.12.47:978][106]LogUObjectHash: Compacting FUObjectHashTables data took   1.64ms
[2020.10.10-01.12.47:986][106]LogStaticLightingSystem: Illumination: 14.1 sec (529 ms encoding lightmaps, 247 ms encoding shadowmaps)
[2020.10.10-01.12.47:986][106]LogStaticLightingSystem: Lightmap texture memory:  3.3 MB (3.3 MB streaming, 0.0 MB non-streaming), 6 textures
[2020.10.10-01.12.47:986][106]LogStaticLightingSystem: Shadowmap texture memory: 5.3 MB (5.3 MB streaming, 0.0 MB non-streaming), 2 textures
[2020.10.10-01.12.48:398][106]DumpUnbuiltLightIteractions
[2020.10.10-01.12.48:398][106]Lights with unbuilt interactions: 0
[2020.10.10-01.12.48:398][106]
[2020.10.10-01.12.48:398][106]Primitives with unbuilt interactions: 0
[2020.10.10-01.12.48:486][107]Cmd: MAP CHECK NOTIFYRESULTS
[2020.10.10-01.12.48:486][107]MapCheck: New page: ThirdPersonExampleMap - Oct 9, 2020, 5:12:48 PM
[2020.10.10-01.12.48:488][107]MapCheck: Map check complete: 0 Error(s), 0 Warning(s), took 2.19ms to complete.
[2020.10.10-01.12.48:629][113]LogRenderer: Reallocating scene render targets to support 896x708 Format 10 NumSamples 1 (Frame:10881).
[2020.10.10-01.12.50:038][197]LogEditorViewport: Clicking on Actor (LMB): StaticMeshActor (Wall10)
[2020.10.10-01.13.09:483][358]LogEditorViewport: Clicking on Actor (LMB): StaticMeshActor (Wall10)
[2020.10.10-01.13.10:192][400]LogEditorViewport: Clicking on Actor (LMB): DirectionalLight (DirectionalLight)
[2020.10.10-01.13.11:660][486]Cmd: DELETE
[2020.10.10-01.13.11:660][486]Cmd: ACTOR DELETE
[2020.10.10-01.13.11:664][486]LogEditorActor: Deleted Actor: DirectionalLight
[2020.10.10-01.13.11:694][486]LogUObjectHash: Compacting FUObjectHashTables data took   1.28ms
[2020.10.10-01.13.11:694][486]LogEditorActor: Deleted 1 Actors (0.034 secs)
[2020.10.10-01.13.13:017][566]LogEditorViewport: Clicking on Actor (LMB): StaticMeshActor (Cone)
[2020.10.10-01.13.13:724][606]Cmd: DELETE
[2020.10.10-01.13.13:724][606]Cmd: ACTOR DELETE
[2020.10.10-01.13.13:725][606]LogEditorActor: Deleted Actor: StaticMeshActor
[2020.10.10-01.13.13:748][606]LogUObjectHash: Compacting FUObjectHashTables data took   0.61ms
[2020.10.10-01.13.13:748][606]LogEditorActor: Deleted 1 Actors (0.024 secs)
[2020.10.10-01.13.16:833][791]LogEditorViewport: Clicking on Actor (LMB): SphereReflectionCapture (SphereReflectionCapture2)
[2020.10.10-01.13.17:770][845]Cmd: DELETE
[2020.10.10-01.13.17:770][845]Cmd: ACTOR DELETE
[2020.10.10-01.13.17:771][845]LogEditorActor: Deleted Actor: SphereReflectionCapture
[2020.10.10-01.13.17:795][845]LogUObjectHash: Compacting FUObjectHashTables data took   0.83ms
[2020.10.10-01.13.17:796][845]LogEditorActor: Deleted 1 Actors (0.026 secs)
[2020.10.10-01.13.21:189][ 49]LogEditorViewport: Clicking on Actor (LMB): StaticMeshActor (Cube)
[2020.10.10-01.13.22:001][ 95]Cmd: DELETE
[2020.10.10-01.13.22:001][ 95]Cmd: ACTOR DELETE
[2020.10.10-01.13.22:002][ 95]LogEditorActor: Deleted Actor: StaticMeshActor
[2020.10.10-01.13.22:025][ 95]LogUObjectHash: Compacting FUObjectHashTables data took   0.58ms
[2020.10.10-01.13.22:026][ 95]LogEditorActor: Deleted 1 Actors (0.026 secs)
[2020.10.10-01.13.23:550][187]LogEditorViewport: Clicking on Actor (LMB): StaticMeshActor (Sphere)
[2020.10.10-01.13.24:676][252]Cmd: DELETE
[2020.10.10-01.13.24:676][252]Cmd: ACTOR DELETE
[2020.10.10-01.13.24:678][252]LogEditorActor: Deleted Actor: StaticMeshActor
[2020.10.10-01.13.24:701][252]LogUObjectHash: Compacting FUObjectHashTables data took   0.74ms
[2020.10.10-01.13.24:702][252]LogEditorActor: Deleted 1 Actors (0.026 secs)
[2020.10.10-01.13.27:125][398]LogSlate: FSceneViewport::OnFocusLost() reason 0
[2020.10.10-01.13.27:191][402]MapCheck: New page: Map Check
[2020.10.10-01.13.27:217][402]Cmd: MAP REBUILD ALLVISIBLE
[2020.10.10-01.13.27:218][402]LogEditorServer: Rebuildmap Clear paths rebuilt
[2020.10.10-01.13.27:336][402]LogUObjectHash: Compacting FUObjectHashTables data took   1.82ms
[2020.10.10-01.13.27:357][402]LogMaterial: Display: Missing cached shader map for material DebugViewMode MaterialTexCoordScale, compiling. 
[2020.10.10-01.13.27:370][402]LogMaterial: Display: Missing cached shader map for material DebugViewMode MaterialTexCoordScale, compiling. 
[2020.10.10-01.13.27:381][402]LogMaterial: Display: Missing cached shader map for material DebugViewMode MaterialTexCoordScale, compiling. 
[2020.10.10-01.13.27:390][402]LogMaterial: Display: Missing cached shader map for material DebugViewMode MaterialTexCoordScale, compiling. 
[2020.10.10-01.13.27:403][402]LogMaterial: Display: Missing cached shader map for material DebugViewMode MaterialTexCoordScale, compiling. 
[2020.10.10-01.13.27:412][402]LogMaterial: Display: Missing cached shader map for material DebugViewMode MaterialTexCoordScale, compiling. 
[2020.10.10-01.13.27:423][402]LogMaterial: Display: Missing cached shader map for material DebugViewMode MaterialTexCoordScale, compiling. 
[2020.10.10-01.13.27:433][402]LogMaterial: Display: Missing cached shader map for material DebugViewMode MaterialTexCoordScale, compiling. 
[2020.10.10-01.13.32:349][402]TextureStreamingBuild: Display: Compiling optional shaders took 5.000 seconds.
[2020.10.10-01.13.32:367][402]LogLevel: Display: Export Material TexCoord Scales took 0.019 seconds.
[2020.10.10-01.13.32:378][402]TextureStreamingBuild: Display: Build Texture Streaming took 0.010 seconds.
[2020.10.10-01.13.32:402][402]LogUObjectHash: Compacting FUObjectHashTables data took   0.68ms
[2020.10.10-01.13.32:402][402]LightingResults: New page: Lighting Build - Oct 9, 2020, 5:13:32 PM
[2020.10.10-01.13.32:408][402]LogSwarmInterface: [OpenConnection] Registering TCP channel ...
[2020.10.10-01.13.32:414][402]LogSwarmInterface: [OpenConnection] Connecting to agent ...
[2020.10.10-01.13.32:414][402]LogSwarmInterface: [TryOpenConnection] Testing the Agent
[2020.10.10-01.13.32:415][402]LogSwarmInterface: [TryOpenConnection] Opening Connection to Agent
[2020.10.10-01.13.32:415][402]LogSwarmInterface: [TryOpenConnection] Local Process ID is 14468
[2020.10.10-01.13.36:959][402]LogStaticLightingSystem: Running Lightmass w/ ImmediateImport mode ENABLED
[2020.10.10-01.13.36:959][402]LogStaticLightingSystem: Running Lightmass w/ ImmediateProcess mode ENABLED
[2020.10.10-01.13.36:959][402]LogStaticLightingSystem: Running Lightmass w/ Sorting mode ENABLED
[2020.10.10-01.13.36:960][402]LogStaticLightingSystem: Running Lightmass w/ Mapping paddings ENABLED
[2020.10.10-01.13.36:960][402]LogStaticLightingSystem: Running Lightmass w/ Mapping debug paddings DISABLED
[2020.10.10-01.13.37:086][402]Cmd: MAP CHECK DONTDISPLAYDIALOG
[2020.10.10-01.13.37:086][402]MapCheck: New page: ThirdPersonExampleMap - Oct 9, 2020, 5:13:37 PM
[2020.10.10-01.13.37:086][402]MapCheck: Map check complete: 0 Error(s), 0 Warning(s), took 0.393ms to complete.
[2020.10.10-01.13.37:110][402]LogEditorBuildUtils: Build time 0:09
[2020.10.10-01.13.37:237][405]LogUObjectHash: Compacting FUObjectHashTables data took   1.16ms
[2020.10.10-01.13.42:600][703]Job is a success!
[2020.10.10-01.13.42:685][705]LogVolumetricLightmapImport: Imported Volumetric Lightmap in 0.018s
[2020.10.10-01.13.42:686][705]LogVolumetricLightmapImport:      Indirection Texture 16x16x16 = 0.0Mb
[2020.10.10-01.13.42:686][705]LogVolumetricLightmapImport:      BrickData 220x5x5 = 0.2Mb (trimmed 0.0Mb due to 0.010000 MinBrickError)
[2020.10.10-01.13.42:686][705]LogVolumetricLightmapImport:      Bricks at Level
[2020.10.10-01.13.42:686][705]LogVolumetricLightmapImport:          0: 2.3% covering 100.0% of volume
[2020.10.10-01.13.42:686][705]LogVolumetricLightmapImport:          1: 9.1% covering 6.3% of volume
[2020.10.10-01.13.42:686][705]LogVolumetricLightmapImport:          2: 88.6% covering 1.0% of volume
[2020.10.10-01.13.43:283][705]LogTexture: Display: Building textures: SkyOcclusion0_1 (AutoDXT, 1024X512)
[2020.10.10-01.13.43:283][705]LogTexture: Display: Building textures: HQ_Lightmap0_1 (AutoDXT, 1024X1024)
[2020.10.10-01.13.43:283][705]LogTexture: Display: Building textures: LQ_Lightmap_0_1 (DXT1, 1024X1024)
[2020.10.10-01.13.43:283][705]LogTexture: Display: Building textures: SkyOcclusion0_2 (AutoDXT, 512X256)
[2020.10.10-01.13.43:283][705]LogTexture: Display: Building textures: HQ_Lightmap0_2 (AutoDXT, 512X512)
[2020.10.10-01.13.43:283][705]LogTexture: Display: Building textures: LQ_Lightmap_0_2 (DXT1, 512X512)
[2020.10.10-01.13.43:283][705]LogTexture: Display: Building textures: SkyOcclusion0_3 (AutoDXT, 64X32)
[2020.10.10-01.13.43:283][705]LogTexture: Display: Building textures: HQ_Lightmap0_3 (AutoDXT, 64X64)
[2020.10.10-01.13.43:283][705]LogTexture: Display: Building textures: LQ_Lightmap_0_3 (DXT1, 64X64)
[2020.10.10-01.13.43:482][705]LogTexture: Display: Building textures: ShadowMapTexture2D_5 (G8, 32X32)
[2020.10.10-01.13.43:581][705]LogTexture: Display: Building textures: ShadowMapTexture2D_4 (G8, 1024X1024)
[2020.10.10-01.13.43:590][705]LogStaticLightingSystem: ThirdPersonExampleMap_BuiltData storing lightmap data for 12 meshes in 3 LightmapResourceClusters (4.0 Meshes per cluster).
[2020.10.10-01.13.43:619][705]Lightmass on DESKTOP-R3QVGPA: 5.66 sec total, 140 ms importing, 36 ms setup, 1.13 sec photons, 4.32 sec processing, 0 ms extra exporting [12/12 mappings]. Threads: 30.0 sec total, 10.3 sec processing.
[2020.10.10-01.13.43:623][705]LogUObjectHash: Compacting FUObjectHashTables data took   2.19ms
[2020.10.10-01.13.43:629][705]LogStaticLightingSystem: Illumination: 11.2 sec (536 ms encoding lightmaps, 291 ms encoding shadowmaps)
[2020.10.10-01.13.43:629][705]LogStaticLightingSystem: Lightmap texture memory:  3.3 MB (3.3 MB streaming, 0.0 MB non-streaming), 6 textures
[2020.10.10-01.13.43:629][705]LogStaticLightingSystem: Shadowmap texture memory: 1.3 MB (1.3 MB streaming, 0.0 MB non-streaming), 2 textures
[2020.10.10-01.13.43:969][705]DumpUnbuiltLightIteractions
[2020.10.10-01.13.43:969][705]Lights with unbuilt interactions: 0
[2020.10.10-01.13.43:969][705]
[2020.10.10-01.13.43:969][705]Primitives with unbuilt interactions: 0
[2020.10.10-01.13.44:043][706]Cmd: MAP CHECK NOTIFYRESULTS
[2020.10.10-01.13.44:043][706]MapCheck: New page: ThirdPersonExampleMap - Oct 9, 2020, 5:13:44 PM
[2020.10.10-01.13.44:044][706]MapCheck: Map check complete: 0 Error(s), 0 Warning(s), took 0.451ms to complete.
[2020.10.10-01.14.12:721][348]LogEditorViewport: Clicking on Actor (LMB): StaticMeshActor (Floor)
[2020.10.10-01.14.13:743][401]LogEditorViewport: Clicking on Actor (LMB): ThirdPersonCharacter_C (ThirdPersonCharacter)
[2020.10.10-01.14.16:371][552]LogEditorViewport: Clicking on Actor (LMB): StaticMeshActor (Floor)
[2020.10.10-01.14.19:778][752]LogSlate: FSceneViewport::OnFocusLost() reason 0
[2020.10.10-01.17.00:903][384]LogUObjectHash: Compacting FUObjectHashTables data took   1.16ms
[2020.10.10-01.17.01:091][384]LogSavePackage: Moving '../../../../../../Users/sttau/OneDrive/Documentos/Unreal Projects/Homework3/Saved/ThirdPersonExampleMap_Auto1D31AB79943C0358AAA05CD8740C6B5F6.tmp' to '../../../../../../Users/sttau/OneDrive/Documentos/Unreal Projects/Homework3/Saved/Autosaves/Game/ThirdPersonBP/Maps/ThirdPersonExampleMap_Auto1.umap'
[2020.10.10-01.17.01:096][384]LogFileHelpers: Editor autosave (incl. sublevels) for '/Game/ThirdPersonBP/Maps/ThirdPersonExampleMap' took 0.217
[2020.10.10-01.17.01:096][384]LogFileHelpers: Editor autosave (incl. sublevels) for all levels took 0.217
[2020.10.10-01.27.01:472][384]LogUObjectHash: Compacting FUObjectHashTables data took   2.10ms
[2020.10.10-01.27.01:472][384]LogFileHelpers: Editor autosave (incl. sublevels) for '/Game/ThirdPersonBP/Maps/ThirdPersonExampleMap' took 0.026
[2020.10.10-01.37.02:041][178]LogUObjectHash: Compacting FUObjectHashTables data took   0.79ms
[2020.10.10-01.37.02:041][178]LogFileHelpers: Editor autosave (incl. sublevels) for '/Game/ThirdPersonBP/Maps/ThirdPersonExampleMap' took 0.023
[2020.10.10-01.47.02:622][970]LogUObjectHash: Compacting FUObjectHashTables data took   0.93ms
[2020.10.10-01.47.02:623][970]LogFileHelpers: Editor autosave (incl. sublevels) for '/Game/ThirdPersonBP/Maps/ThirdPersonExampleMap' took 0.028
[2020.10.10-01.57.03:312][762]LogUObjectHash: Compacting FUObjectHashTables data took   0.75ms
[2020.10.10-01.57.03:312][762]LogFileHelpers: Editor autosave (incl. sublevels) for '/Game/ThirdPersonBP/Maps/ThirdPersonExampleMap' took 0.025
[2020.10.10-02.07.03:785][554]LogUObjectHash: Compacting FUObjectHashTables data took   0.94ms
[2020.10.10-02.07.03:785][554]LogFileHelpers: Editor autosave (incl. sublevels) for '/Game/ThirdPersonBP/Maps/ThirdPersonExampleMap' took 0.023
[2020.10.10-02.17.04:565][347]LogUObjectHash: Compacting FUObjectHashTables data took   0.67ms
[2020.10.10-02.17.04:565][347]LogFileHelpers: Editor autosave (incl. sublevels) for '/Game/ThirdPersonBP/Maps/ThirdPersonExampleMap' took 0.026
[2020.10.10-02.27.04:951][139]LogUObjectHash: Compacting FUObjectHashTables data took   0.53ms
[2020.10.10-02.27.04:952][139]LogFileHelpers: Editor autosave (incl. sublevels) for '/Game/ThirdPersonBP/Maps/ThirdPersonExampleMap' took 0.024
[2020.10.10-02.37.05:938][930]LogUObjectHash: Compacting FUObjectHashTables data took   0.88ms
[2020.10.10-02.37.05:938][930]LogFileHelpers: Editor autosave (incl. sublevels) for '/Game/ThirdPersonBP/Maps/ThirdPersonExampleMap' took 0.025
[2020.10.10-02.47.06:300][721]LogUObjectHash: Compacting FUObjectHashTables data took   0.99ms
[2020.10.10-02.47.06:301][721]LogFileHelpers: Editor autosave (incl. sublevels) for '/Game/ThirdPersonBP/Maps/ThirdPersonExampleMap' took 0.026
[2020.10.10-02.57.06:753][513]LogUObjectHash: Compacting FUObjectHashTables data took   0.79ms
[2020.10.10-02.57.06:753][513]LogFileHelpers: Editor autosave (incl. sublevels) for '/Game/ThirdPersonBP/Maps/ThirdPersonExampleMap' took 0.024
[2020.10.10-03.07.07:395][306]LogUObjectHash: Compacting FUObjectHashTables data took   0.74ms
[2020.10.10-03.07.07:395][306]LogFileHelpers: Editor autosave (incl. sublevels) for '/Game/ThirdPersonBP/Maps/ThirdPersonExampleMap' took 0.024
[2020.10.10-03.17.08:308][ 99]LogUObjectHash: Compacting FUObjectHashTables data took   0.53ms
[2020.10.10-03.17.08:309][ 99]LogFileHelpers: Editor autosave (incl. sublevels) for '/Game/ThirdPersonBP/Maps/ThirdPersonExampleMap' took 0.026
[2020.10.10-03.27.08:513][892]LogUObjectHash: Compacting FUObjectHashTables data took   0.63ms
[2020.10.10-03.27.08:513][892]LogFileHelpers: Editor autosave (incl. sublevels) for '/Game/ThirdPersonBP/Maps/ThirdPersonExampleMap' took 0.023
[2020.10.10-03.37.09:403][686]LogUObjectHash: Compacting FUObjectHashTables data took   0.62ms
[2020.10.10-03.37.09:403][686]LogFileHelpers: Editor autosave (incl. sublevels) for '/Game/ThirdPersonBP/Maps/ThirdPersonExampleMap' took 0.024
[2020.10.10-03.47.09:697][480]LogUObjectHash: Compacting FUObjectHashTables data took   0.83ms
[2020.10.10-03.47.09:697][480]LogFileHelpers: Editor autosave (incl. sublevels) for '/Game/ThirdPersonBP/Maps/ThirdPersonExampleMap' took 0.024
